{"/Users/luca/Workspace/laputa-worktrees/search-panel-unify/src/App.tsx": {"path":"/Users/luca/Workspace/laputa-worktrees/search-panel-unify/src/App.tsx","statementMap":{"0":{"start":{"line":41,"column":44},"end":{"line":41,"column":null}},"1":{"start":{"line":44,"column":38},"end":{"line":44,"column":null}},"2":{"start":{"line":45,"column":40},"end":{"line":45,"column":null}},"3":{"start":{"line":46,"column":42},"end":{"line":46,"column":null}},"4":{"start":{"line":47,"column":50},"end":{"line":47,"column":null}},"5":{"start":{"line":48,"column":8},"end":{"line":48,"column":null}},"6":{"start":{"line":48,"column":61},"end":{"line":48,"column":126}},"7":{"start":{"line":48,"column":84},"end":{"line":48,"column":123}},"8":{"start":{"line":49,"column":8},"end":{"line":49,"column":null}},"9":{"start":{"line":49,"column":62},"end":{"line":49,"column":128}},"10":{"start":{"line":49,"column":86},"end":{"line":49,"column":125}},"11":{"start":{"line":50,"column":8},"end":{"line":50,"column":null}},"12":{"start":{"line":50,"column":63},"end":{"line":50,"column":130}},"13":{"start":{"line":50,"column":88},"end":{"line":50,"column":127}},"14":{"start":{"line":51,"column":2},"end":{"line":51,"column":null}},"15":{"start":{"line":62,"column":41},"end":{"line":62,"column":null}},"16":{"start":{"line":63,"column":8},"end":{"line":66,"column":null}},"17":{"start":{"line":64,"column":4},"end":{"line":64,"column":null}},"18":{"start":{"line":65,"column":4},"end":{"line":65,"column":null}},"19":{"start":{"line":67,"column":8},"end":{"line":67,"column":null}},"20":{"start":{"line":68,"column":47},"end":{"line":68,"column":null}},"21":{"start":{"line":69,"column":8},"end":{"line":69,"column":null}},"22":{"start":{"line":70,"column":8},"end":{"line":78,"column":null}},"23":{"start":{"line":71,"column":4},"end":{"line":71,"column":null}},"24":{"start":{"line":72,"column":10},"end":{"line":72,"column":null}},"25":{"start":{"line":73,"column":16},"end":{"line":73,"column":null}},"26":{"start":{"line":74,"column":4},"end":{"line":77,"column":null}},"27":{"start":{"line":75,"column":6},"end":{"line":75,"column":null}},"28":{"start":{"line":76,"column":6},"end":{"line":76,"column":null}},"29":{"start":{"line":79,"column":2},"end":{"line":79,"column":null}},"30":{"start":{"line":83,"column":32},"end":{"line":83,"column":null}},"31":{"start":{"line":84,"column":17},"end":{"line":84,"column":null}},"32":{"start":{"line":85,"column":38},"end":{"line":85,"column":null}},"33":{"start":{"line":86,"column":8},"end":{"line":86,"column":null}},"34":{"start":{"line":91,"column":8},"end":{"line":94,"column":null}},"35":{"start":{"line":92,"column":22},"end":{"line":92,"column":55}},"36":{"start":{"line":92,"column":55},"end":{"line":92,"column":76}},"37":{"start":{"line":93,"column":22},"end":{"line":93,"column":null}},"38":{"start":{"line":96,"column":8},"end":{"line":96,"column":null}},"39":{"start":{"line":97,"column":33},"end":{"line":97,"column":null}},"40":{"start":{"line":99,"column":2},"end":{"line":99,"column":null}},"41":{"start":{"line":99,"column":20},"end":{"line":99,"column":60}},"42":{"start":{"line":101,"column":8},"end":{"line":101,"column":null}},"43":{"start":{"line":103,"column":8},"end":{"line":103,"column":null}},"44":{"start":{"line":106,"column":8},"end":{"line":106,"column":null}},"45":{"start":{"line":107,"column":2},"end":{"line":112,"column":null}},"46":{"start":{"line":108,"column":4},"end":{"line":110,"column":null}},"47":{"start":{"line":109,"column":6},"end":{"line":109,"column":null}},"48":{"start":{"line":111,"column":4},"end":{"line":111,"column":null}},"49":{"start":{"line":114,"column":8},"end":{"line":114,"column":null}},"50":{"start":{"line":114,"column":50},"end":{"line":114,"column":95}},"51":{"start":{"line":114,"column":71},"end":{"line":114,"column":92}},"52":{"start":{"line":116,"column":8},"end":{"line":122,"column":null}},"53":{"start":{"line":117,"column":19},"end":{"line":117,"column":null}},"54":{"start":{"line":118,"column":4},"end":{"line":121,"column":null}},"55":{"start":{"line":119,"column":6},"end":{"line":119,"column":null}},"56":{"start":{"line":120,"column":6},"end":{"line":120,"column":null}},"57":{"start":{"line":124,"column":8},"end":{"line":130,"column":null}},"58":{"start":{"line":125,"column":19},"end":{"line":125,"column":null}},"59":{"start":{"line":126,"column":4},"end":{"line":129,"column":null}},"60":{"start":{"line":127,"column":6},"end":{"line":127,"column":null}},"61":{"start":{"line":128,"column":6},"end":{"line":128,"column":null}},"62":{"start":{"line":133,"column":2},"end":{"line":170,"column":null}},"63":{"start":{"line":134,"column":28},"end":{"line":137,"column":null}},"64":{"start":{"line":135,"column":6},"end":{"line":135,"column":null}},"65":{"start":{"line":135,"column":28},"end":{"line":135,"column":48}},"66":{"start":{"line":135,"column":48},"end":{"line":135,"column":63}},"67":{"start":{"line":136,"column":6},"end":{"line":136,"column":null}},"68":{"start":{"line":136,"column":28},"end":{"line":136,"column":48}},"69":{"start":{"line":136,"column":48},"end":{"line":136,"column":66}},"70":{"start":{"line":138,"column":4},"end":{"line":138,"column":null}},"71":{"start":{"line":141,"column":28},"end":{"line":141,"column":null}},"72":{"start":{"line":142,"column":59},"end":{"line":142,"column":null}},"73":{"start":{"line":143,"column":28},"end":{"line":143,"column":null}},"74":{"start":{"line":145,"column":24},"end":{"line":162,"column":null}},"75":{"start":{"line":147,"column":6},"end":{"line":147,"column":null}},"76":{"start":{"line":147,"column":52},"end":{"line":147,"column":null}},"77":{"start":{"line":148,"column":6},"end":{"line":148,"column":null}},"78":{"start":{"line":148,"column":34},"end":{"line":148,"column":null}},"79":{"start":{"line":150,"column":6},"end":{"line":150,"column":null}},"80":{"start":{"line":152,"column":6},"end":{"line":152,"column":null}},"81":{"start":{"line":152,"column":22},"end":{"line":152,"column":null}},"82":{"start":{"line":153,"column":6},"end":{"line":153,"column":null}},"83":{"start":{"line":153,"column":38},"end":{"line":153,"column":60}},"84":{"start":{"line":155,"column":6},"end":{"line":161,"column":null}},"85":{"start":{"line":156,"column":8},"end":{"line":156,"column":null}},"86":{"start":{"line":157,"column":8},"end":{"line":157,"column":null}},"87":{"start":{"line":158,"column":6},"end":{"line":161,"column":null}},"88":{"start":{"line":159,"column":8},"end":{"line":159,"column":null}},"89":{"start":{"line":160,"column":8},"end":{"line":160,"column":null}},"90":{"start":{"line":163,"column":4},"end":{"line":163,"column":null}},"91":{"start":{"line":165,"column":4},"end":{"line":169,"column":null}},"92":{"start":{"line":166,"column":6},"end":{"line":166,"column":null}},"93":{"start":{"line":167,"column":6},"end":{"line":167,"column":null}},"94":{"start":{"line":168,"column":6},"end":{"line":168,"column":null}},"95":{"start":{"line":168,"column":22},"end":{"line":168,"column":null}},"96":{"start":{"line":172,"column":79},"end":{"line":175,"column":null}},"97":{"start":{"line":177,"column":8},"end":{"line":177,"column":null}},"98":{"start":{"line":179,"column":8},"end":{"line":183,"column":null}},"99":{"start":{"line":185,"column":8},"end":{"line":185,"column":null}},"100":{"start":{"line":187,"column":8},"end":{"line":190,"column":null}},"101":{"start":{"line":188,"column":4},"end":{"line":188,"column":null}},"102":{"start":{"line":189,"column":4},"end":{"line":189,"column":null}},"103":{"start":{"line":192,"column":8},"end":{"line":195,"column":null}},"104":{"start":{"line":193,"column":4},"end":{"line":193,"column":null}},"105":{"start":{"line":194,"column":4},"end":{"line":194,"column":null}},"106":{"start":{"line":197,"column":55},"end":{"line":197,"column":null}},"107":{"start":{"line":199,"column":8},"end":{"line":217,"column":null}},"108":{"start":{"line":211,"column":29},"end":{"line":211,"column":null}},"109":{"start":{"line":211,"column":63},"end":{"line":211,"column":65}},"110":{"start":{"line":219,"column":55},"end":{"line":219,"column":null}},"111":{"start":{"line":221,"column":20},"end":{"line":221,"column":null}},"112":{"start":{"line":221,"column":43},"end":{"line":221,"column":79}},"113":{"start":{"line":223,"column":2},"end":{"line":298,"column":null}},"114":{"start":{"line":257,"column":37},"end":{"line":257,"column":null}},"115":{"start":{"line":257,"column":73},"end":{"line":257,"column":75}},"116":{"start":{"line":283,"column":362},"end":{"line":283,"column":415}},"117":{"start":{"line":284,"column":53},"end":{"line":284,"column":76}},"118":{"start":{"line":296,"column":32},"end":{"line":296,"column":60}},"119":{"start":{"line":296,"column":60},"end":{"line":296,"column":83}}},"fnMap":{"0":{"name":"useLayoutPanels","decl":{"start":{"line":43,"column":9},"end":{"line":43,"column":27}},"loc":{"start":{"line":43,"column":27},"end":{"line":52,"column":null}},"line":43},"1":{"name":"(anonymous_1)","decl":{"start":{"line":48,"column":42},"end":{"line":48,"column":43}},"loc":{"start":{"line":48,"column":61},"end":{"line":48,"column":126}},"line":48},"2":{"name":"(anonymous_2)","decl":{"start":{"line":48,"column":77},"end":{"line":48,"column":78}},"loc":{"start":{"line":48,"column":84},"end":{"line":48,"column":123}},"line":48},"3":{"name":"(anonymous_3)","decl":{"start":{"line":49,"column":43},"end":{"line":49,"column":44}},"loc":{"start":{"line":49,"column":62},"end":{"line":49,"column":128}},"line":49},"4":{"name":"(anonymous_4)","decl":{"start":{"line":49,"column":79},"end":{"line":49,"column":80}},"loc":{"start":{"line":49,"column":86},"end":{"line":49,"column":125}},"line":49},"5":{"name":"(anonymous_5)","decl":{"start":{"line":50,"column":44},"end":{"line":50,"column":45}},"loc":{"start":{"line":50,"column":63},"end":{"line":50,"column":130}},"line":50},"6":{"name":"(anonymous_6)","decl":{"start":{"line":50,"column":81},"end":{"line":50,"column":82}},"loc":{"start":{"line":50,"column":88},"end":{"line":50,"column":127}},"line":50},"7":{"name":"useEditorSaveWithLinks","decl":{"start":{"line":55,"column":9},"end":{"line":55,"column":32}},"loc":{"start":{"line":61,"column":3},"end":{"line":80,"column":null}},"line":61},"8":{"name":"(anonymous_8)","decl":{"start":{"line":63,"column":34},"end":{"line":63,"column":35}},"loc":{"start":{"line":63,"column":69},"end":{"line":66,"column":5}},"line":63},"9":{"name":"(anonymous_9)","decl":{"start":{"line":70,"column":42},"end":{"line":70,"column":43}},"loc":{"start":{"line":70,"column":77},"end":{"line":78,"column":5}},"line":70},"10":{"name":"App","decl":{"start":{"line":82,"column":9},"end":{"line":82,"column":15}},"loc":{"start":{"line":82,"column":15},"end":{"line":300,"column":null}},"line":82},"11":{"name":"(anonymous_11)","decl":{"start":{"line":92,"column":14},"end":{"line":92,"column":20}},"loc":{"start":{"line":92,"column":20},"end":{"line":92,"column":null}},"line":92},"12":{"name":"(anonymous_12)","decl":{"start":{"line":93,"column":13},"end":{"line":93,"column":14}},"loc":{"start":{"line":93,"column":22},"end":{"line":93,"column":null}},"line":93},"13":{"name":"(anonymous_13)","decl":{"start":{"line":99,"column":12},"end":{"line":99,"column":18}},"loc":{"start":{"line":99,"column":18},"end":{"line":99,"column":63}},"line":99},"14":{"name":"(anonymous_14)","decl":{"start":{"line":107,"column":12},"end":{"line":107,"column":18}},"loc":{"start":{"line":107,"column":18},"end":{"line":112,"column":5}},"line":107},"15":{"name":"(anonymous_15)","decl":{"start":{"line":114,"column":32},"end":{"line":114,"column":33}},"loc":{"start":{"line":114,"column":50},"end":{"line":114,"column":95}},"line":114},"16":{"name":"(anonymous_16)","decl":{"start":{"line":114,"column":66},"end":{"line":114,"column":71}},"loc":{"start":{"line":114,"column":71},"end":{"line":114,"column":92}},"line":114},"17":{"name":"(anonymous_17)","decl":{"start":{"line":116,"column":35},"end":{"line":116,"column":41}},"loc":{"start":{"line":116,"column":41},"end":{"line":122,"column":5}},"line":116},"18":{"name":"(anonymous_18)","decl":{"start":{"line":124,"column":38},"end":{"line":124,"column":44}},"loc":{"start":{"line":124,"column":44},"end":{"line":130,"column":5}},"line":124},"19":{"name":"(anonymous_19)","decl":{"start":{"line":133,"column":12},"end":{"line":133,"column":18}},"loc":{"start":{"line":133,"column":18},"end":{"line":170,"column":5}},"line":133},"20":{"name":"(anonymous_20)","decl":{"start":{"line":134,"column":28},"end":{"line":134,"column":29}},"loc":{"start":{"line":134,"column":47},"end":{"line":137,"column":null}},"line":134},"21":{"name":"(anonymous_21)","decl":{"start":{"line":145,"column":24},"end":{"line":145,"column":25}},"loc":{"start":{"line":145,"column":43},"end":{"line":162,"column":null}},"line":145},"22":{"name":"(anonymous_22)","decl":{"start":{"line":153,"column":30},"end":{"line":153,"column":36}},"loc":{"start":{"line":153,"column":36},"end":{"line":153,"column":63}},"line":153},"23":{"name":"(anonymous_23)","decl":{"start":{"line":165,"column":11},"end":{"line":165,"column":17}},"loc":{"start":{"line":165,"column":17},"end":{"line":169,"column":null}},"line":165},"24":{"name":"(anonymous_24)","decl":{"start":{"line":187,"column":39},"end":{"line":187,"column":40}},"loc":{"start":{"line":187,"column":57},"end":{"line":190,"column":5}},"line":187},"25":{"name":"(anonymous_25)","decl":{"start":{"line":192,"column":38},"end":{"line":192,"column":45}},"loc":{"start":{"line":192,"column":80},"end":{"line":195,"column":5}},"line":192},"26":{"name":"(anonymous_26)","decl":{"start":{"line":211,"column":23},"end":{"line":211,"column":29}},"loc":{"start":{"line":211,"column":29},"end":{"line":211,"column":null}},"line":211},"27":{"name":"(anonymous_27)","decl":{"start":{"line":211,"column":58},"end":{"line":211,"column":63}},"loc":{"start":{"line":211,"column":63},"end":{"line":211,"column":65}},"line":211},"28":{"name":"(anonymous_28)","decl":{"start":{"line":221,"column":36},"end":{"line":221,"column":37}},"loc":{"start":{"line":221,"column":43},"end":{"line":221,"column":79}},"line":221},"29":{"name":"(anonymous_29)","decl":{"start":{"line":257,"column":31},"end":{"line":257,"column":37}},"loc":{"start":{"line":257,"column":37},"end":{"line":257,"column":null}},"line":257},"30":{"name":"(anonymous_30)","decl":{"start":{"line":257,"column":66},"end":{"line":257,"column":67}},"loc":{"start":{"line":257,"column":73},"end":{"line":257,"column":75}},"line":257},"31":{"name":"(anonymous_31)","decl":{"start":{"line":283,"column":356},"end":{"line":283,"column":362}},"loc":{"start":{"line":283,"column":362},"end":{"line":283,"column":415}},"line":283},"32":{"name":"(anonymous_32)","decl":{"start":{"line":284,"column":47},"end":{"line":284,"column":53}},"loc":{"start":{"line":284,"column":53},"end":{"line":284,"column":76}},"line":284},"33":{"name":"(anonymous_33)","decl":{"start":{"line":296,"column":24},"end":{"line":296,"column":30}},"loc":{"start":{"line":296,"column":30},"end":{"line":296,"column":null}},"line":296}},"branchMap":{"0":{"loc":{"start":{"line":74,"column":4},"end":{"line":77,"column":null}},"type":"if","locations":[{"start":{"line":74,"column":4},"end":{"line":77,"column":null}},{"start":{},"end":{}}],"line":74},"1":{"loc":{"start":{"line":99,"column":30},"end":{"line":99,"column":58}},"type":"binary-expr","locations":[{"start":{"line":99,"column":30},"end":{"line":99,"column":56}},{"start":{"line":99,"column":56},"end":{"line":99,"column":58}}],"line":99},"2":{"loc":{"start":{"line":108,"column":4},"end":{"line":110,"column":null}},"type":"if","locations":[{"start":{"line":108,"column":4},"end":{"line":110,"column":null}},{"start":{},"end":{}}],"line":108},"3":{"loc":{"start":{"line":108,"column":8},"end":{"line":108,"column":59}},"type":"binary-expr","locations":[{"start":{"line":108,"column":8},"end":{"line":108,"column":31}},{"start":{"line":108,"column":31},"end":{"line":108,"column":59}}],"line":108},"4":{"loc":{"start":{"line":118,"column":4},"end":{"line":121,"column":null}},"type":"if","locations":[{"start":{"line":118,"column":4},"end":{"line":121,"column":null}},{"start":{},"end":{}}],"line":118},"5":{"loc":{"start":{"line":126,"column":4},"end":{"line":129,"column":null}},"type":"if","locations":[{"start":{"line":126,"column":4},"end":{"line":129,"column":null}},{"start":{},"end":{}}],"line":126},"6":{"loc":{"start":{"line":135,"column":6},"end":{"line":135,"column":null}},"type":"if","locations":[{"start":{"line":135,"column":6},"end":{"line":135,"column":null}},{"start":{},"end":{}}],"line":135},"7":{"loc":{"start":{"line":136,"column":6},"end":{"line":136,"column":null}},"type":"if","locations":[{"start":{"line":136,"column":6},"end":{"line":136,"column":null}},{"start":{},"end":{}}],"line":136},"8":{"loc":{"start":{"line":147,"column":6},"end":{"line":147,"column":null}},"type":"if","locations":[{"start":{"line":147,"column":6},"end":{"line":147,"column":null}},{"start":{},"end":{}}],"line":147},"9":{"loc":{"start":{"line":148,"column":6},"end":{"line":148,"column":null}},"type":"if","locations":[{"start":{"line":148,"column":6},"end":{"line":148,"column":null}},{"start":{},"end":{}}],"line":148},"10":{"loc":{"start":{"line":148,"column":10},"end":{"line":148,"column":34}},"type":"binary-expr","locations":[{"start":{"line":148,"column":10},"end":{"line":148,"column":23}},{"start":{"line":148,"column":23},"end":{"line":148,"column":34}}],"line":148},"11":{"loc":{"start":{"line":152,"column":6},"end":{"line":152,"column":null}},"type":"if","locations":[{"start":{"line":152,"column":6},"end":{"line":152,"column":null}},{"start":{},"end":{}}],"line":152},"12":{"loc":{"start":{"line":155,"column":6},"end":{"line":161,"column":null}},"type":"if","locations":[{"start":{"line":155,"column":6},"end":{"line":161,"column":null}},{"start":{"line":158,"column":6},"end":{"line":161,"column":null}}],"line":155},"13":{"loc":{"start":{"line":158,"column":6},"end":{"line":161,"column":null}},"type":"if","locations":[{"start":{"line":158,"column":6},"end":{"line":161,"column":null}},{"start":{},"end":{}}],"line":158},"14":{"loc":{"start":{"line":168,"column":6},"end":{"line":168,"column":null}},"type":"if","locations":[{"start":{"line":168,"column":6},"end":{"line":168,"column":null}},{"start":{},"end":{}}],"line":168},"15":{"loc":{"start":{"line":221,"column":20},"end":{"line":221,"column":null}},"type":"binary-expr","locations":[{"start":{"line":221,"column":20},"end":{"line":221,"column":84}},{"start":{"line":221,"column":84},"end":{"line":221,"column":null}}],"line":221},"16":{"loc":{"start":{"line":227,"column":9},"end":{"line":233,"column":null}},"type":"binary-expr","locations":[{"start":{"line":227,"column":9},"end":{"line":227,"column":null}},{"start":{"line":228,"column":10},"end":{"line":233,"column":null}}],"line":227},"17":{"loc":{"start":{"line":235,"column":9},"end":{"line":241,"column":null}},"type":"binary-expr","locations":[{"start":{"line":235,"column":9},"end":{"line":235,"column":null}},{"start":{"line":236,"column":10},"end":{"line":241,"column":null}}],"line":235},"18":{"loc":{"start":{"line":238,"column":84},"end":{"line":238,"column":110}},"type":"binary-expr","locations":[{"start":{"line":238,"column":84},"end":{"line":238,"column":104}},{"start":{"line":238,"column":104},"end":{"line":238,"column":110}}],"line":238},"19":{"loc":{"start":{"line":260,"column":28},"end":{"line":260,"column":null}},"type":"binary-expr","locations":[{"start":{"line":260,"column":28},"end":{"line":260,"column":48}},{"start":{"line":260,"column":48},"end":{"line":260,"column":null}}],"line":260},"20":{"loc":{"start":{"line":261,"column":30},"end":{"line":261,"column":null}},"type":"binary-expr","locations":[{"start":{"line":261,"column":30},"end":{"line":261,"column":52}},{"start":{"line":261,"column":52},"end":{"line":261,"column":null}}],"line":261}},"s":{"0":1,"1":35,"2":35,"3":35,"4":35,"5":35,"6":0,"7":0,"8":35,"9":0,"10":0,"11":35,"12":0,"13":0,"14":35,"15":35,"16":35,"17":0,"18":0,"19":35,"20":35,"21":35,"22":35,"23":0,"24":0,"25":0,"26":0,"27":0,"28":0,"29":35,"30":35,"31":35,"32":35,"33":35,"34":35,"35":0,"36":0,"37":0,"38":35,"39":35,"40":35,"41":10,"42":35,"43":35,"44":35,"45":35,"46":10,"47":0,"48":10,"49":35,"50":0,"51":0,"52":35,"53":0,"54":0,"55":0,"56":0,"57":35,"58":0,"59":0,"60":0,"61":0,"62":35,"63":35,"64":0,"65":0,"66":0,"67":0,"68":0,"69":0,"70":35,"71":35,"72":35,"73":35,"74":35,"75":0,"76":0,"77":0,"78":0,"79":0,"80":0,"81":0,"82":0,"83":0,"84":0,"85":0,"86":0,"87":0,"88":0,"89":0,"90":35,"91":35,"92":35,"93":35,"94":35,"95":0,"96":35,"97":35,"98":35,"99":35,"100":35,"101":0,"102":0,"103":35,"104":0,"105":0,"106":35,"107":35,"108":0,"109":0,"110":35,"111":35,"112":0,"113":35,"114":0,"115":0,"116":0,"117":0,"118":0,"119":0},"f":{"0":35,"1":0,"2":0,"3":0,"4":0,"5":0,"6":0,"7":35,"8":0,"9":0,"10":35,"11":0,"12":0,"13":10,"14":10,"15":0,"16":0,"17":0,"18":0,"19":35,"20":0,"21":0,"22":0,"23":35,"24":0,"25":0,"26":0,"27":0,"28":0,"29":0,"30":0,"31":0,"32":0,"33":0},"b":{"0":[0,0],"1":[10,10],"2":[0,10],"3":[10,0],"4":[0,0],"5":[0,0],"6":[0,0],"7":[0,0],"8":[0,0],"9":[0,0],"10":[0,0],"11":[0,0],"12":[0,0],"13":[0,0],"14":[0,35],"15":[35,35],"16":[35,32],"17":[35,33],"18":[33,33],"19":[35,35],"20":[35,35]},"meta":{"lastBranch":21,"lastFunction":34,"lastStatement":120,"seen":{"s:41:44:41:Infinity":0,"f:43:9:43:27":0,"s:44:38:44:Infinity":1,"s:45:40:45:Infinity":2,"s:46:42:46:Infinity":3,"s:47:50:47:Infinity":4,"s:48:8:48:Infinity":5,"f:48:42:48:43":1,"s:48:61:48:126":6,"f:48:77:48:78":2,"s:48:84:48:123":7,"s:49:8:49:Infinity":8,"f:49:43:49:44":3,"s:49:62:49:128":9,"f:49:79:49:80":4,"s:49:86:49:125":10,"s:50:8:50:Infinity":11,"f:50:44:50:45":5,"s:50:63:50:130":12,"f:50:81:50:82":6,"s:50:88:50:127":13,"s:51:2:51:Infinity":14,"f:55:9:55:32":7,"s:62:41:62:Infinity":15,"s:63:8:66:Infinity":16,"f:63:34:63:35":8,"s:64:4:64:Infinity":17,"s:65:4:65:Infinity":18,"s:67:8:67:Infinity":19,"s:68:47:68:Infinity":20,"s:69:8:69:Infinity":21,"s:70:8:78:Infinity":22,"f:70:42:70:43":9,"s:71:4:71:Infinity":23,"s:72:10:72:Infinity":24,"s:73:16:73:Infinity":25,"b:74:4:77:Infinity:undefined:undefined:undefined:undefined":0,"s:74:4:77:Infinity":26,"s:75:6:75:Infinity":27,"s:76:6:76:Infinity":28,"s:79:2:79:Infinity":29,"f:82:9:82:15":10,"s:83:32:83:Infinity":30,"s:84:17:84:Infinity":31,"s:85:38:85:Infinity":32,"s:86:8:86:Infinity":33,"s:91:8:94:Infinity":34,"f:92:14:92:20":11,"s:92:22:92:55":35,"s:92:55:92:76":36,"f:93:13:93:14":12,"s:93:22:93:Infinity":37,"s:96:8:96:Infinity":38,"s:97:33:97:Infinity":39,"s:99:2:99:Infinity":40,"f:99:12:99:18":13,"s:99:20:99:60":41,"b:99:30:99:56:99:56:99:58":1,"s:101:8:101:Infinity":42,"s:103:8:103:Infinity":43,"s:106:8:106:Infinity":44,"s:107:2:112:Infinity":45,"f:107:12:107:18":14,"b:108:4:110:Infinity:undefined:undefined:undefined:undefined":2,"s:108:4:110:Infinity":46,"b:108:8:108:31:108:31:108:59":3,"s:109:6:109:Infinity":47,"s:111:4:111:Infinity":48,"s:114:8:114:Infinity":49,"f:114:32:114:33":15,"s:114:50:114:95":50,"f:114:66:114:71":16,"s:114:71:114:92":51,"s:116:8:122:Infinity":52,"f:116:35:116:41":17,"s:117:19:117:Infinity":53,"b:118:4:121:Infinity:undefined:undefined:undefined:undefined":4,"s:118:4:121:Infinity":54,"s:119:6:119:Infinity":55,"s:120:6:120:Infinity":56,"s:124:8:130:Infinity":57,"f:124:38:124:44":18,"s:125:19:125:Infinity":58,"b:126:4:129:Infinity:undefined:undefined:undefined:undefined":5,"s:126:4:129:Infinity":59,"s:127:6:127:Infinity":60,"s:128:6:128:Infinity":61,"s:133:2:170:Infinity":62,"f:133:12:133:18":19,"s:134:28:137:Infinity":63,"f:134:28:134:29":20,"b:135:6:135:Infinity:undefined:undefined:undefined:undefined":6,"s:135:6:135:Infinity":64,"s:135:28:135:48":65,"s:135:48:135:63":66,"b:136:6:136:Infinity:undefined:undefined:undefined:undefined":7,"s:136:6:136:Infinity":67,"s:136:28:136:48":68,"s:136:48:136:66":69,"s:138:4:138:Infinity":70,"s:141:28:141:Infinity":71,"s:142:59:142:Infinity":72,"s:143:28:143:Infinity":73,"s:145:24:162:Infinity":74,"f:145:24:145:25":21,"b:147:6:147:Infinity:undefined:undefined:undefined:undefined":8,"s:147:6:147:Infinity":75,"s:147:52:147:Infinity":76,"b:148:6:148:Infinity:undefined:undefined:undefined:undefined":9,"s:148:6:148:Infinity":77,"b:148:10:148:23:148:23:148:34":10,"s:148:34:148:Infinity":78,"s:150:6:150:Infinity":79,"b:152:6:152:Infinity:undefined:undefined:undefined:undefined":11,"s:152:6:152:Infinity":80,"s:152:22:152:Infinity":81,"s:153:6:153:Infinity":82,"f:153:30:153:36":22,"s:153:38:153:60":83,"b:155:6:161:Infinity:158:6:161:Infinity":12,"s:155:6:161:Infinity":84,"s:156:8:156:Infinity":85,"s:157:8:157:Infinity":86,"b:158:6:161:Infinity:undefined:undefined:undefined:undefined":13,"s:158:6:161:Infinity":87,"s:159:8:159:Infinity":88,"s:160:8:160:Infinity":89,"s:163:4:163:Infinity":90,"s:165:4:169:Infinity":91,"f:165:11:165:17":23,"s:166:6:166:Infinity":92,"s:167:6:167:Infinity":93,"b:168:6:168:Infinity:undefined:undefined:undefined:undefined":14,"s:168:6:168:Infinity":94,"s:168:22:168:Infinity":95,"s:172:79:175:Infinity":96,"s:177:8:177:Infinity":97,"s:179:8:183:Infinity":98,"s:185:8:185:Infinity":99,"s:187:8:190:Infinity":100,"f:187:39:187:40":24,"s:188:4:188:Infinity":101,"s:189:4:189:Infinity":102,"s:192:8:195:Infinity":103,"f:192:38:192:45":25,"s:193:4:193:Infinity":104,"s:194:4:194:Infinity":105,"s:197:55:197:Infinity":106,"s:199:8:217:Infinity":107,"f:211:23:211:29":26,"s:211:29:211:Infinity":108,"f:211:58:211:63":27,"s:211:63:211:65":109,"s:219:55:219:Infinity":110,"s:221:20:221:Infinity":111,"b:221:20:221:84:221:84:221:Infinity":15,"f:221:36:221:37":28,"s:221:43:221:79":112,"s:223:2:298:Infinity":113,"b:227:9:227:Infinity:228:10:233:Infinity":16,"b:235:9:235:Infinity:236:10:241:Infinity":17,"b:238:84:238:104:238:104:238:110":18,"f:257:31:257:37":29,"s:257:37:257:Infinity":114,"f:257:66:257:67":30,"s:257:73:257:75":115,"b:260:28:260:48:260:48:260:Infinity":19,"b:261:30:261:52:261:52:261:Infinity":20,"f:283:356:283:362":31,"s:283:362:283:415":116,"f:284:47:284:53":32,"s:284:53:284:76":117,"f:296:24:296:30":33,"s:296:32:296:60":118,"s:296:60:296:83":119}}}
,"/Users/luca/Workspace/laputa-worktrees/search-panel-unify/src/components/BreadcrumbBar.tsx": {"path":"/Users/luca/Workspace/laputa-worktrees/search-panel-unify/src/components/BreadcrumbBar.tsx","statementMap":{"0":{"start":{"line":35,"column":28},"end":{"line":35,"column":null}},"1":{"start":{"line":41,"column":2},"end":{"line":141,"column":null}},"2":{"start":{"line":145,"column":13},"end":{"line":183,"column":null}},"3":{"start":{"line":148,"column":2},"end":{"line":181,"column":null}}},"fnMap":{"0":{"name":"BreadcrumbActions","decl":{"start":{"line":37,"column":9},"end":{"line":37,"column":27}},"loc":{"start":{"line":40,"column":57},"end":{"line":143,"column":null}},"line":40},"1":{"name":"BreadcrumbBar2","decl":{"start":{"line":145,"column":43},"end":{"line":145,"column":57}},"loc":{"start":{"line":147,"column":23},"end":{"line":183,"column":1}},"line":147}},"branchMap":{"0":{"loc":{"start":{"line":49,"column":7},"end":{"line":69,"column":null}},"type":"cond-expr","locations":[{"start":{"line":50,"column":8},"end":{"line":60,"column":null}},{"start":{"line":62,"column":8},"end":{"line":69,"column":null}}],"line":49},"1":{"loc":{"start":{"line":53,"column":12},"end":{"line":53,"column":null}},"type":"cond-expr","locations":[{"start":{"line":53,"column":23},"end":{"line":53,"column":43}},{"start":{"line":53,"column":43},"end":{"line":53,"column":null}}],"line":53},"2":{"loc":{"start":{"line":57,"column":17},"end":{"line":57,"column":null}},"type":"cond-expr","locations":[{"start":{"line":57,"column":31},"end":{"line":57,"column":51}},{"start":{"line":57,"column":51},"end":{"line":57,"column":null}}],"line":57},"3":{"loc":{"start":{"line":57,"column":51},"end":{"line":57,"column":null}},"type":"cond-expr","locations":[{"start":{"line":57,"column":62},"end":{"line":57,"column":81}},{"start":{"line":57,"column":81},"end":{"line":57,"column":null}}],"line":57},"4":{"loc":{"start":{"line":82,"column":10},"end":{"line":82,"column":null}},"type":"cond-expr","locations":[{"start":{"line":82,"column":23},"end":{"line":82,"column":28}},{"start":{"line":82,"column":28},"end":{"line":82,"column":null}}],"line":82},"5":{"loc":{"start":{"line":84,"column":15},"end":{"line":84,"column":null}},"type":"cond-expr","locations":[{"start":{"line":84,"column":28},"end":{"line":84,"column":58}},{"start":{"line":84,"column":58},"end":{"line":84,"column":null}}],"line":84},"6":{"loc":{"start":{"line":86,"column":15},"end":{"line":86,"column":null}},"type":"cond-expr","locations":[{"start":{"line":86,"column":28},"end":{"line":86,"column":46}},{"start":{"line":86,"column":46},"end":{"line":86,"column":null}}],"line":86},"7":{"loc":{"start":{"line":88,"column":35},"end":{"line":88,"column":68}},"type":"cond-expr","locations":[{"start":{"line":88,"column":48},"end":{"line":88,"column":57}},{"start":{"line":88,"column":57},"end":{"line":88,"column":68}}],"line":88},"8":{"loc":{"start":{"line":90,"column":7},"end":{"line":105,"column":null}},"type":"cond-expr","locations":[{"start":{"line":91,"column":8},"end":{"line":97,"column":null}},{"start":{"line":99,"column":8},"end":{"line":105,"column":null}}],"line":90},"9":{"loc":{"start":{"line":107,"column":7},"end":{"line":122,"column":null}},"type":"cond-expr","locations":[{"start":{"line":108,"column":8},"end":{"line":114,"column":null}},{"start":{"line":116,"column":8},"end":{"line":122,"column":null}}],"line":107},"10":{"loc":{"start":{"line":124,"column":7},"end":{"line":131,"column":null}},"type":"binary-expr","locations":[{"start":{"line":124,"column":7},"end":{"line":124,"column":null}},{"start":{"line":125,"column":8},"end":{"line":131,"column":null}}],"line":124},"11":{"loc":{"start":{"line":160,"column":49},"end":{"line":160,"column":69}},"type":"binary-expr","locations":[{"start":{"line":160,"column":49},"end":{"line":160,"column":62}},{"start":{"line":160,"column":62},"end":{"line":160,"column":69}}],"line":160},"12":{"loc":{"start":{"line":165,"column":9},"end":{"line":169,"column":null}},"type":"binary-expr","locations":[{"start":{"line":165,"column":9},"end":{"line":165,"column":null}},{"start":{"line":166,"column":10},"end":{"line":169,"column":null}}],"line":165},"13":{"loc":{"start":{"line":171,"column":9},"end":{"line":175,"column":null}},"type":"binary-expr","locations":[{"start":{"line":171,"column":9},"end":{"line":171,"column":null}},{"start":{"line":172,"column":10},"end":{"line":175,"column":null}}],"line":171}},"s":{"0":3,"1":30,"2":3,"3":30},"f":{"0":30,"1":30},"b":{"0":[2,28],"1":[0,2],"2":[0,2],"3":[0,2],"4":[0,30],"5":[0,30],"6":[0,30],"7":[0,30],"8":[2,28],"9":[2,28],"10":[30,22],"11":[30,0],"12":[30,1],"13":[30,2]},"meta":{"lastBranch":14,"lastFunction":2,"lastStatement":4,"seen":{"s:35:28:35:Infinity":0,"f:37:9:37:27":0,"s:41:2:141:Infinity":1,"b:50:8:60:Infinity:62:8:69:Infinity":0,"b:53:23:53:43:53:43:53:Infinity":1,"b:57:31:57:51:57:51:57:Infinity":2,"b:57:62:57:81:57:81:57:Infinity":3,"b:82:23:82:28:82:28:82:Infinity":4,"b:84:28:84:58:84:58:84:Infinity":5,"b:86:28:86:46:86:46:86:Infinity":6,"b:88:48:88:57:88:57:88:68":7,"b:91:8:97:Infinity:99:8:105:Infinity":8,"b:108:8:114:Infinity:116:8:122:Infinity":9,"b:124:7:124:Infinity:125:8:131:Infinity":10,"s:145:13:183:Infinity":2,"f:145:43:145:57":1,"s:148:2:181:Infinity":3,"b:160:49:160:62:160:62:160:69":11,"b:165:9:165:Infinity:166:10:169:Infinity":12,"b:171:9:171:Infinity:172:10:175:Infinity":13}}}
,"/Users/luca/Workspace/laputa-worktrees/search-panel-unify/src/components/CommandPalette.tsx": {"path":"/Users/luca/Workspace/laputa-worktrees/search-panel-unify/src/components/CommandPalette.tsx","statementMap":{"0":{"start":{"line":19,"column":8},"end":{"line":19,"column":null}},"1":{"start":{"line":20,"column":2},"end":{"line":20,"column":null}},"2":{"start":{"line":20,"column":25},"end":{"line":20,"column":null}},"3":{"start":{"line":22,"column":2},"end":{"line":25,"column":null}},"4":{"start":{"line":23,"column":10},"end":{"line":23,"column":null}},"5":{"start":{"line":24,"column":4},"end":{"line":24,"column":null}},"6":{"start":{"line":24,"column":24},"end":{"line":24,"column":null}},"7":{"start":{"line":27,"column":8},"end":{"line":27,"column":null}},"8":{"start":{"line":28,"column":2},"end":{"line":28,"column":null}},"9":{"start":{"line":28,"column":25},"end":{"line":28,"column":null}},"10":{"start":{"line":30,"column":2},"end":{"line":30,"column":null}},"11":{"start":{"line":34,"column":14},"end":{"line":34,"column":null}},"12":{"start":{"line":35,"column":2},"end":{"line":39,"column":null}},"13":{"start":{"line":36,"column":17},"end":{"line":36,"column":null}},"14":{"start":{"line":37,"column":4},"end":{"line":38,"column":null}},"15":{"start":{"line":37,"column":14},"end":{"line":37,"column":null}},"16":{"start":{"line":38,"column":9},"end":{"line":38,"column":null}},"17":{"start":{"line":40,"column":2},"end":{"line":42,"column":null}},"18":{"start":{"line":41,"column":14},"end":{"line":41,"column":59}},"19":{"start":{"line":42,"column":30},"end":{"line":42,"column":47}},"20":{"start":{"line":46,"column":24},"end":{"line":46,"column":null}},"21":{"start":{"line":47,"column":40},"end":{"line":47,"column":null}},"22":{"start":{"line":48,"column":8},"end":{"line":48,"column":null}},"23":{"start":{"line":49,"column":8},"end":{"line":49,"column":null}},"24":{"start":{"line":51,"column":2},"end":{"line":57,"column":null}},"25":{"start":{"line":52,"column":4},"end":{"line":56,"column":null}},"26":{"start":{"line":53,"column":6},"end":{"line":53,"column":null}},"27":{"start":{"line":54,"column":6},"end":{"line":54,"column":null}},"28":{"start":{"line":55,"column":6},"end":{"line":55,"column":null}},"29":{"start":{"line":55,"column":23},"end":{"line":55,"column":50}},"30":{"start":{"line":59,"column":8},"end":{"line":62,"column":null}},"31":{"start":{"line":60,"column":10},"end":{"line":60,"column":null}},"32":{"start":{"line":60,"column":31},"end":{"line":60,"column":40}},"33":{"start":{"line":64,"column":8},"end":{"line":71,"column":null}},"34":{"start":{"line":65,"column":4},"end":{"line":65,"column":null}},"35":{"start":{"line":65,"column":23},"end":{"line":65,"column":null}},"36":{"start":{"line":66,"column":4},"end":{"line":70,"column":null}},"37":{"start":{"line":67,"column":18},"end":{"line":67,"column":42}},"38":{"start":{"line":68,"column":41},"end":{"line":68,"column":51}},"39":{"start":{"line":69,"column":22},"end":{"line":69,"column":39}},"40":{"start":{"line":70,"column":16},"end":{"line":70,"column":25}},"41":{"start":{"line":73,"column":8},"end":{"line":73,"column":null}},"42":{"start":{"line":73,"column":31},"end":{"line":73,"column":55}},"43":{"start":{"line":74,"column":8},"end":{"line":74,"column":null}},"44":{"start":{"line":74,"column":33},"end":{"line":74,"column":63}},"45":{"start":{"line":74,"column":53},"end":{"line":74,"column":60}},"46":{"start":{"line":76,"column":2},"end":{"line":78,"column":null}},"47":{"start":{"line":77,"column":4},"end":{"line":77,"column":null}},"48":{"start":{"line":80,"column":2},"end":{"line":84,"column":null}},"49":{"start":{"line":81,"column":4},"end":{"line":81,"column":null}},"50":{"start":{"line":81,"column":26},"end":{"line":81,"column":null}},"51":{"start":{"line":82,"column":15},"end":{"line":82,"column":null}},"52":{"start":{"line":83,"column":4},"end":{"line":83,"column":null}},"53":{"start":{"line":86,"column":2},"end":{"line":103,"column":null}},"54":{"start":{"line":87,"column":4},"end":{"line":87,"column":null}},"55":{"start":{"line":87,"column":15},"end":{"line":87,"column":null}},"56":{"start":{"line":88,"column":22},"end":{"line":100,"column":null}},"57":{"start":{"line":89,"column":6},"end":{"line":99,"column":null}},"58":{"start":{"line":90,"column":8},"end":{"line":90,"column":28}},"59":{"start":{"line":90,"column":28},"end":{"line":90,"column":null}},"60":{"start":{"line":91,"column":6},"end":{"line":99,"column":null}},"61":{"start":{"line":92,"column":8},"end":{"line":92,"column":28}},"62":{"start":{"line":92,"column":28},"end":{"line":92,"column":null}},"63":{"start":{"line":92,"column":50},"end":{"line":92,"column":86}},"64":{"start":{"line":93,"column":6},"end":{"line":99,"column":null}},"65":{"start":{"line":94,"column":8},"end":{"line":94,"column":28}},"66":{"start":{"line":94,"column":28},"end":{"line":94,"column":null}},"67":{"start":{"line":94,"column":50},"end":{"line":94,"column":68}},"68":{"start":{"line":95,"column":6},"end":{"line":99,"column":null}},"69":{"start":{"line":96,"column":8},"end":{"line":96,"column":null}},"70":{"start":{"line":97,"column":20},"end":{"line":97,"column":null}},"71":{"start":{"line":98,"column":8},"end":{"line":98,"column":null}},"72":{"start":{"line":98,"column":19},"end":{"line":98,"column":30}},"73":{"start":{"line":98,"column":30},"end":{"line":98,"column":44}},"74":{"start":{"line":101,"column":4},"end":{"line":101,"column":null}},"75":{"start":{"line":102,"column":4},"end":{"line":102,"column":null}},"76":{"start":{"line":102,"column":17},"end":{"line":102,"column":null}},"77":{"start":{"line":105,"column":2},"end":{"line":105,"column":null}},"78":{"start":{"line":105,"column":13},"end":{"line":105,"column":null}},"79":{"start":{"line":107,"column":21},"end":{"line":107,"column":null}},"80":{"start":{"line":109,"column":2},"end":{"line":163,"column":null}},"81":{"start":{"line":116,"column":22},"end":{"line":116,"column":null}},"82":{"start":{"line":124,"column":25},"end":{"line":124,"column":null}},"83":{"start":{"line":133,"column":33},"end":{"line":133,"column":null}},"84":{"start":{"line":134,"column":14},"end":{"line":134,"column":null}},"85":{"start":{"line":135,"column":14},"end":{"line":152,"column":null}},"86":{"start":{"line":141,"column":38},"end":{"line":141,"column":null}},"87":{"start":{"line":142,"column":20},"end":{"line":149,"column":null}},"88":{"start":{"line":147,"column":39},"end":{"line":147,"column":null}},"89":{"start":{"line":148,"column":42},"end":{"line":148,"column":53}},"90":{"start":{"line":148,"column":53},"end":{"line":148,"column":67}},"91":{"start":{"line":175,"column":2},"end":{"line":189,"column":null}}},"fnMap":{"0":{"name":"matchCommand","decl":{"start":{"line":18,"column":9},"end":{"line":18,"column":22}},"loc":{"start":{"line":18,"column":79},"end":{"line":31,"column":null}},"line":18},"1":{"name":"groupResults","decl":{"start":{"line":33,"column":9},"end":{"line":33,"column":22}},"loc":{"start":{"line":33,"column":100},"end":{"line":43,"column":null}},"line":33},"2":{"name":"(anonymous_2)","decl":{"start":{"line":41,"column":10},"end":{"line":41,"column":11}},"loc":{"start":{"line":41,"column":14},"end":{"line":41,"column":59}},"line":41},"3":{"name":"(anonymous_3)","decl":{"start":{"line":42,"column":9},"end":{"line":42,"column":10}},"loc":{"start":{"line":42,"column":30},"end":{"line":42,"column":47}},"line":42},"4":{"name":"CommandPalette","decl":{"start":{"line":45,"column":16},"end":{"line":45,"column":31}},"loc":{"start":{"line":45,"column":81},"end":{"line":165,"column":null}},"line":45},"5":{"name":"(anonymous_5)","decl":{"start":{"line":51,"column":12},"end":{"line":51,"column":18}},"loc":{"start":{"line":51,"column":18},"end":{"line":57,"column":5}},"line":51},"6":{"name":"(anonymous_6)","decl":{"start":{"line":55,"column":17},"end":{"line":55,"column":23}},"loc":{"start":{"line":55,"column":23},"end":{"line":55,"column":50}},"line":55},"7":{"name":"(anonymous_7)","decl":{"start":{"line":60,"column":4},"end":{"line":60,"column":10}},"loc":{"start":{"line":60,"column":10},"end":{"line":60,"column":null}},"line":60},"8":{"name":"(anonymous_8)","decl":{"start":{"line":60,"column":26},"end":{"line":60,"column":31}},"loc":{"start":{"line":60,"column":31},"end":{"line":60,"column":40}},"line":60},"9":{"name":"(anonymous_9)","decl":{"start":{"line":64,"column":27},"end":{"line":64,"column":33}},"loc":{"start":{"line":64,"column":33},"end":{"line":71,"column":5}},"line":64},"10":{"name":"(anonymous_10)","decl":{"start":{"line":67,"column":11},"end":{"line":67,"column":18}},"loc":{"start":{"line":67,"column":18},"end":{"line":67,"column":42}},"line":67},"11":{"name":"(anonymous_11)","decl":{"start":{"line":68,"column":14},"end":{"line":68,"column":15}},"loc":{"start":{"line":68,"column":41},"end":{"line":68,"column":51}},"line":68},"12":{"name":"(anonymous_12)","decl":{"start":{"line":69,"column":12},"end":{"line":69,"column":13}},"loc":{"start":{"line":69,"column":22},"end":{"line":69,"column":39}},"line":69},"13":{"name":"(anonymous_13)","decl":{"start":{"line":70,"column":11},"end":{"line":70,"column":16}},"loc":{"start":{"line":70,"column":16},"end":{"line":70,"column":25}},"line":70},"14":{"name":"(anonymous_14)","decl":{"start":{"line":73,"column":25},"end":{"line":73,"column":31}},"loc":{"start":{"line":73,"column":31},"end":{"line":73,"column":55}},"line":73},"15":{"name":"(anonymous_15)","decl":{"start":{"line":74,"column":27},"end":{"line":74,"column":33}},"loc":{"start":{"line":74,"column":33},"end":{"line":74,"column":63}},"line":74},"16":{"name":"(anonymous_16)","decl":{"start":{"line":74,"column":48},"end":{"line":74,"column":53}},"loc":{"start":{"line":74,"column":53},"end":{"line":74,"column":60}},"line":74},"17":{"name":"(anonymous_17)","decl":{"start":{"line":76,"column":12},"end":{"line":76,"column":18}},"loc":{"start":{"line":76,"column":18},"end":{"line":78,"column":5}},"line":76},"18":{"name":"(anonymous_18)","decl":{"start":{"line":80,"column":12},"end":{"line":80,"column":18}},"loc":{"start":{"line":80,"column":18},"end":{"line":84,"column":5}},"line":80},"19":{"name":"(anonymous_19)","decl":{"start":{"line":86,"column":12},"end":{"line":86,"column":18}},"loc":{"start":{"line":86,"column":18},"end":{"line":103,"column":5}},"line":86},"20":{"name":"(anonymous_20)","decl":{"start":{"line":88,"column":22},"end":{"line":88,"column":23}},"loc":{"start":{"line":88,"column":44},"end":{"line":100,"column":null}},"line":88},"21":{"name":"(anonymous_21)","decl":{"start":{"line":92,"column":45},"end":{"line":92,"column":50}},"loc":{"start":{"line":92,"column":50},"end":{"line":92,"column":86}},"line":92},"22":{"name":"(anonymous_22)","decl":{"start":{"line":94,"column":45},"end":{"line":94,"column":50}},"loc":{"start":{"line":94,"column":50},"end":{"line":94,"column":68}},"line":94},"23":{"name":"(anonymous_23)","decl":{"start":{"line":102,"column":11},"end":{"line":102,"column":17}},"loc":{"start":{"line":102,"column":17},"end":{"line":102,"column":null}},"line":102},"24":{"name":"(anonymous_24)","decl":{"start":{"line":116,"column":17},"end":{"line":116,"column":22}},"loc":{"start":{"line":116,"column":22},"end":{"line":116,"column":null}},"line":116},"25":{"name":"(anonymous_25)","decl":{"start":{"line":124,"column":20},"end":{"line":124,"column":25}},"loc":{"start":{"line":124,"column":25},"end":{"line":124,"column":null}},"line":124},"26":{"name":"(anonymous_26)","decl":{"start":{"line":132,"column":23},"end":{"line":132,"column":24}},"loc":{"start":{"line":132,"column":45},"end":{"line":154,"column":13}},"line":132},"27":{"name":"(anonymous_27)","decl":{"start":{"line":140,"column":29},"end":{"line":140,"column":30}},"loc":{"start":{"line":140,"column":41},"end":{"line":151,"column":19}},"line":140},"28":{"name":"(anonymous_28)","decl":{"start":{"line":147,"column":33},"end":{"line":147,"column":39}},"loc":{"start":{"line":147,"column":39},"end":{"line":147,"column":null}},"line":147},"29":{"name":"(anonymous_29)","decl":{"start":{"line":148,"column":34},"end":{"line":148,"column":40}},"loc":{"start":{"line":148,"column":40},"end":{"line":148,"column":null}},"line":148},"30":{"name":"CommandRow","decl":{"start":{"line":174,"column":9},"end":{"line":174,"column":20}},"loc":{"start":{"line":174,"column":79},"end":{"line":191,"column":null}},"line":174}},"branchMap":{"0":{"loc":{"start":{"line":20,"column":2},"end":{"line":20,"column":null}},"type":"if","locations":[{"start":{"line":20,"column":2},"end":{"line":20,"column":null}},{"start":{},"end":{}}],"line":20},"1":{"loc":{"start":{"line":22,"column":19},"end":{"line":22,"column":39}},"type":"binary-expr","locations":[{"start":{"line":22,"column":19},"end":{"line":22,"column":35}},{"start":{"line":22,"column":35},"end":{"line":22,"column":39}}],"line":22},"2":{"loc":{"start":{"line":24,"column":4},"end":{"line":24,"column":null}},"type":"if","locations":[{"start":{"line":24,"column":4},"end":{"line":24,"column":null}},{"start":{},"end":{}}],"line":24},"3":{"loc":{"start":{"line":28,"column":2},"end":{"line":28,"column":null}},"type":"if","locations":[{"start":{"line":28,"column":2},"end":{"line":28,"column":null}},{"start":{},"end":{}}],"line":28},"4":{"loc":{"start":{"line":37,"column":4},"end":{"line":38,"column":null}},"type":"if","locations":[{"start":{"line":37,"column":4},"end":{"line":38,"column":null}},{"start":{"line":38,"column":9},"end":{"line":38,"column":null}}],"line":37},"5":{"loc":{"start":{"line":52,"column":4},"end":{"line":56,"column":null}},"type":"if","locations":[{"start":{"line":52,"column":4},"end":{"line":56,"column":null}},{"start":{},"end":{}}],"line":52},"6":{"loc":{"start":{"line":65,"column":4},"end":{"line":65,"column":null}},"type":"if","locations":[{"start":{"line":65,"column":4},"end":{"line":65,"column":null}},{"start":{},"end":{}}],"line":65},"7":{"loc":{"start":{"line":81,"column":4},"end":{"line":81,"column":null}},"type":"if","locations":[{"start":{"line":81,"column":4},"end":{"line":81,"column":null}},{"start":{},"end":{}}],"line":81},"8":{"loc":{"start":{"line":87,"column":4},"end":{"line":87,"column":null}},"type":"if","locations":[{"start":{"line":87,"column":4},"end":{"line":87,"column":null}},{"start":{},"end":{}}],"line":87},"9":{"loc":{"start":{"line":89,"column":6},"end":{"line":99,"column":null}},"type":"if","locations":[{"start":{"line":89,"column":6},"end":{"line":99,"column":null}},{"start":{"line":91,"column":6},"end":{"line":99,"column":null}}],"line":89},"10":{"loc":{"start":{"line":91,"column":6},"end":{"line":99,"column":null}},"type":"if","locations":[{"start":{"line":91,"column":6},"end":{"line":99,"column":null}},{"start":{"line":93,"column":6},"end":{"line":99,"column":null}}],"line":91},"11":{"loc":{"start":{"line":93,"column":6},"end":{"line":99,"column":null}},"type":"if","locations":[{"start":{"line":93,"column":6},"end":{"line":99,"column":null}},{"start":{"line":95,"column":6},"end":{"line":99,"column":null}}],"line":93},"12":{"loc":{"start":{"line":95,"column":6},"end":{"line":99,"column":null}},"type":"if","locations":[{"start":{"line":95,"column":6},"end":{"line":99,"column":null}},{"start":{},"end":{}}],"line":95},"13":{"loc":{"start":{"line":98,"column":8},"end":{"line":98,"column":null}},"type":"if","locations":[{"start":{"line":98,"column":8},"end":{"line":98,"column":null}},{"start":{},"end":{}}],"line":98},"14":{"loc":{"start":{"line":105,"column":2},"end":{"line":105,"column":null}},"type":"if","locations":[{"start":{"line":105,"column":2},"end":{"line":105,"column":null}},{"start":{},"end":{}}],"line":105},"15":{"loc":{"start":{"line":127,"column":11},"end":{"line":154,"column":null}},"type":"cond-expr","locations":[{"start":{"line":128,"column":12},"end":{"line":130,"column":null}},{"start":{"line":132,"column":12},"end":{"line":154,"column":null}}],"line":127},"16":{"loc":{"start":{"line":180,"column":8},"end":{"line":180,"column":null}},"type":"cond-expr","locations":[{"start":{"line":180,"column":19},"end":{"line":180,"column":33}},{"start":{"line":180,"column":33},"end":{"line":180,"column":null}}],"line":180},"17":{"loc":{"start":{"line":186,"column":7},"end":{"line":187,"column":null}},"type":"binary-expr","locations":[{"start":{"line":186,"column":7},"end":{"line":186,"column":null}},{"start":{"line":187,"column":8},"end":{"line":187,"column":null}}],"line":186}},"s":{"0":12,"1":12,"2":1,"3":11,"4":7,"5":7,"6":1,"7":10,"8":10,"9":0,"10":10,"11":54,"12":54,"13":521,"14":521,"15":280,"16":241,"17":54,"18":274,"19":241,"20":64,"21":64,"22":64,"23":64,"24":64,"25":26,"26":15,"27":15,"28":15,"29":6,"30":64,"31":51,"32":780,"33":64,"34":54,"35":51,"36":3,"37":12,"38":12,"39":0,"40":2,"41":64,"42":54,"43":64,"44":54,"45":241,"46":64,"47":29,"48":64,"49":30,"50":11,"51":19,"52":19,"53":64,"54":58,"55":36,"56":22,"57":27,"58":1,"59":1,"60":26,"61":21,"62":21,"63":21,"64":5,"65":1,"66":1,"67":1,"68":4,"69":4,"70":4,"71":4,"72":4,"73":4,"74":22,"75":22,"76":22,"77":64,"78":36,"79":28,"80":28,"81":1,"82":3,"83":92,"84":92,"85":92,"86":92,"87":92,"88":0,"89":1,"90":1,"91":78},"f":{"0":12,"1":54,"2":274,"3":241,"4":64,"5":26,"6":6,"7":51,"8":780,"9":54,"10":12,"11":12,"12":0,"13":2,"14":54,"15":54,"16":241,"17":29,"18":30,"19":58,"20":27,"21":21,"22":1,"23":22,"24":1,"25":3,"26":92,"27":92,"28":0,"29":1,"30":78},"b":{"0":[1,11],"1":[11,0],"2":[1,6],"3":[0,10],"4":[280,241],"5":[15,11],"6":[51,3],"7":[11,19],"8":[36,22],"9":[1,26],"10":[21,5],"11":[1,4],"12":[4,0],"13":[4,0],"14":[36,28],"15":[2,26],"16":[21,57],"17":[78,58]},"meta":{"lastBranch":18,"lastFunction":31,"lastStatement":92,"seen":{"f:18:9:18:22":0,"s:19:8:19:Infinity":0,"b:20:2:20:Infinity:undefined:undefined:undefined:undefined":0,"s:20:2:20:Infinity":1,"s:20:25:20:Infinity":2,"s:22:2:25:Infinity":3,"b:22:19:22:35:22:35:22:39":1,"s:23:10:23:Infinity":4,"b:24:4:24:Infinity:undefined:undefined:undefined:undefined":2,"s:24:4:24:Infinity":5,"s:24:24:24:Infinity":6,"s:27:8:27:Infinity":7,"b:28:2:28:Infinity:undefined:undefined:undefined:undefined":3,"s:28:2:28:Infinity":8,"s:28:25:28:Infinity":9,"s:30:2:30:Infinity":10,"f:33:9:33:22":1,"s:34:14:34:Infinity":11,"s:35:2:39:Infinity":12,"s:36:17:36:Infinity":13,"b:37:4:38:Infinity:38:9:38:Infinity":4,"s:37:4:38:Infinity":14,"s:37:14:37:Infinity":15,"s:38:9:38:Infinity":16,"s:40:2:42:Infinity":17,"f:41:10:41:11":2,"s:41:14:41:59":18,"f:42:9:42:10":3,"s:42:30:42:47":19,"f:45:16:45:31":4,"s:46:24:46:Infinity":20,"s:47:40:47:Infinity":21,"s:48:8:48:Infinity":22,"s:49:8:49:Infinity":23,"s:51:2:57:Infinity":24,"f:51:12:51:18":5,"b:52:4:56:Infinity:undefined:undefined:undefined:undefined":5,"s:52:4:56:Infinity":25,"s:53:6:53:Infinity":26,"s:54:6:54:Infinity":27,"s:55:6:55:Infinity":28,"f:55:17:55:23":6,"s:55:23:55:50":29,"s:59:8:62:Infinity":30,"f:60:4:60:10":7,"s:60:10:60:Infinity":31,"f:60:26:60:31":8,"s:60:31:60:40":32,"s:64:8:71:Infinity":33,"f:64:27:64:33":9,"b:65:4:65:Infinity:undefined:undefined:undefined:undefined":6,"s:65:4:65:Infinity":34,"s:65:23:65:Infinity":35,"s:66:4:70:Infinity":36,"f:67:11:67:18":10,"s:67:18:67:42":37,"f:68:14:68:15":11,"s:68:41:68:51":38,"f:69:12:69:13":12,"s:69:22:69:39":39,"f:70:11:70:16":13,"s:70:16:70:25":40,"s:73:8:73:Infinity":41,"f:73:25:73:31":14,"s:73:31:73:55":42,"s:74:8:74:Infinity":43,"f:74:27:74:33":15,"s:74:33:74:63":44,"f:74:48:74:53":16,"s:74:53:74:60":45,"s:76:2:78:Infinity":46,"f:76:12:76:18":17,"s:77:4:77:Infinity":47,"s:80:2:84:Infinity":48,"f:80:12:80:18":18,"b:81:4:81:Infinity:undefined:undefined:undefined:undefined":7,"s:81:4:81:Infinity":49,"s:81:26:81:Infinity":50,"s:82:15:82:Infinity":51,"s:83:4:83:Infinity":52,"s:86:2:103:Infinity":53,"f:86:12:86:18":19,"b:87:4:87:Infinity:undefined:undefined:undefined:undefined":8,"s:87:4:87:Infinity":54,"s:87:15:87:Infinity":55,"s:88:22:100:Infinity":56,"f:88:22:88:23":20,"b:89:6:99:Infinity:91:6:99:Infinity":9,"s:89:6:99:Infinity":57,"s:90:8:90:28":58,"s:90:28:90:Infinity":59,"b:91:6:99:Infinity:93:6:99:Infinity":10,"s:91:6:99:Infinity":60,"s:92:8:92:28":61,"s:92:28:92:Infinity":62,"f:92:45:92:50":21,"s:92:50:92:86":63,"b:93:6:99:Infinity:95:6:99:Infinity":11,"s:93:6:99:Infinity":64,"s:94:8:94:28":65,"s:94:28:94:Infinity":66,"f:94:45:94:50":22,"s:94:50:94:68":67,"b:95:6:99:Infinity:undefined:undefined:undefined:undefined":12,"s:95:6:99:Infinity":68,"s:96:8:96:Infinity":69,"s:97:20:97:Infinity":70,"b:98:8:98:Infinity:undefined:undefined:undefined:undefined":13,"s:98:8:98:Infinity":71,"s:98:19:98:30":72,"s:98:30:98:44":73,"s:101:4:101:Infinity":74,"s:102:4:102:Infinity":75,"f:102:11:102:17":23,"s:102:17:102:Infinity":76,"b:105:2:105:Infinity:undefined:undefined:undefined:undefined":14,"s:105:2:105:Infinity":77,"s:105:13:105:Infinity":78,"s:107:21:107:Infinity":79,"s:109:2:163:Infinity":80,"f:116:17:116:22":24,"s:116:22:116:Infinity":81,"f:124:20:124:25":25,"s:124:25:124:Infinity":82,"b:128:12:130:Infinity:132:12:154:Infinity":15,"f:132:23:132:24":26,"s:133:33:133:Infinity":83,"s:134:14:134:Infinity":84,"s:135:14:152:Infinity":85,"f:140:29:140:30":27,"s:141:38:141:Infinity":86,"s:142:20:149:Infinity":87,"f:147:33:147:39":28,"s:147:39:147:Infinity":88,"f:148:34:148:40":29,"s:148:42:148:53":89,"s:148:53:148:67":90,"f:174:9:174:20":30,"s:175:2:189:Infinity":91,"b:180:19:180:33:180:33:180:Infinity":16,"b:186:7:186:Infinity:187:8:187:Infinity":17}}}
,"/Users/luca/Workspace/laputa-worktrees/search-panel-unify/src/components/CommitDialog.tsx": {"path":"/Users/luca/Workspace/laputa-worktrees/search-panel-unify/src/components/CommitDialog.tsx","statementMap":{"0":{"start":{"line":14,"column":28},"end":{"line":14,"column":null}},"1":{"start":{"line":15,"column":8},"end":{"line":15,"column":null}},"2":{"start":{"line":17,"column":2},"end":{"line":22,"column":null}},"3":{"start":{"line":18,"column":4},"end":{"line":21,"column":null}},"4":{"start":{"line":19,"column":6},"end":{"line":19,"column":null}},"5":{"start":{"line":20,"column":6},"end":{"line":20,"column":null}},"6":{"start":{"line":20,"column":23},"end":{"line":20,"column":50}},"7":{"start":{"line":24,"column":23},"end":{"line":28,"column":null}},"8":{"start":{"line":25,"column":20},"end":{"line":25,"column":null}},"9":{"start":{"line":26,"column":4},"end":{"line":26,"column":null}},"10":{"start":{"line":26,"column":18},"end":{"line":26,"column":null}},"11":{"start":{"line":27,"column":4},"end":{"line":27,"column":null}},"12":{"start":{"line":30,"column":24},"end":{"line":37,"column":null}},"13":{"start":{"line":31,"column":4},"end":{"line":36,"column":null}},"14":{"start":{"line":32,"column":6},"end":{"line":32,"column":null}},"15":{"start":{"line":33,"column":6},"end":{"line":33,"column":null}},"16":{"start":{"line":34,"column":4},"end":{"line":36,"column":null}},"17":{"start":{"line":35,"column":6},"end":{"line":35,"column":null}},"18":{"start":{"line":39,"column":2},"end":{"line":71,"column":null}},"19":{"start":{"line":40,"column":52},"end":{"line":40,"column":75}},"20":{"start":{"line":40,"column":65},"end":{"line":40,"column":75}},"21":{"start":{"line":55,"column":27},"end":{"line":55,"column":null}}},"fnMap":{"0":{"name":"CommitDialog","decl":{"start":{"line":13,"column":16},"end":{"line":13,"column":29}},"loc":{"start":{"line":13,"column":92},"end":{"line":73,"column":null}},"line":13},"1":{"name":"(anonymous_1)","decl":{"start":{"line":17,"column":12},"end":{"line":17,"column":18}},"loc":{"start":{"line":17,"column":18},"end":{"line":22,"column":5}},"line":17},"2":{"name":"(anonymous_2)","decl":{"start":{"line":20,"column":17},"end":{"line":20,"column":23}},"loc":{"start":{"line":20,"column":23},"end":{"line":20,"column":50}},"line":20},"3":{"name":"(anonymous_3)","decl":{"start":{"line":24,"column":23},"end":{"line":24,"column":29}},"loc":{"start":{"line":24,"column":29},"end":{"line":28,"column":null}},"line":24},"4":{"name":"(anonymous_4)","decl":{"start":{"line":30,"column":24},"end":{"line":30,"column":25}},"loc":{"start":{"line":30,"column":52},"end":{"line":37,"column":null}},"line":30},"5":{"name":"(anonymous_5)","decl":{"start":{"line":40,"column":38},"end":{"line":40,"column":39}},"loc":{"start":{"line":40,"column":50},"end":{"line":40,"column":null}},"line":40},"6":{"name":"(anonymous_6)","decl":{"start":{"line":55,"column":20},"end":{"line":55,"column":21}},"loc":{"start":{"line":55,"column":27},"end":{"line":55,"column":null}},"line":55}},"branchMap":{"0":{"loc":{"start":{"line":18,"column":4},"end":{"line":21,"column":null}},"type":"if","locations":[{"start":{"line":18,"column":4},"end":{"line":21,"column":null}},{"start":{},"end":{}}],"line":18},"1":{"loc":{"start":{"line":26,"column":4},"end":{"line":26,"column":null}},"type":"if","locations":[{"start":{"line":26,"column":4},"end":{"line":26,"column":null}},{"start":{},"end":{}}],"line":26},"2":{"loc":{"start":{"line":31,"column":4},"end":{"line":36,"column":null}},"type":"if","locations":[{"start":{"line":31,"column":4},"end":{"line":36,"column":null}},{"start":{"line":34,"column":4},"end":{"line":36,"column":null}}],"line":31},"3":{"loc":{"start":{"line":31,"column":8},"end":{"line":31,"column":55}},"type":"binary-expr","locations":[{"start":{"line":31,"column":8},"end":{"line":31,"column":30}},{"start":{"line":31,"column":30},"end":{"line":31,"column":43}},{"start":{"line":31,"column":43},"end":{"line":31,"column":55}}],"line":31},"4":{"loc":{"start":{"line":34,"column":4},"end":{"line":36,"column":null}},"type":"if","locations":[{"start":{"line":34,"column":4},"end":{"line":36,"column":null}},{"start":{},"end":{}}],"line":34},"5":{"loc":{"start":{"line":40,"column":52},"end":{"line":40,"column":75}},"type":"if","locations":[{"start":{"line":40,"column":52},"end":{"line":40,"column":75}},{"start":{},"end":{}}],"line":40},"6":{"loc":{"start":{"line":46,"column":35},"end":{"line":46,"column":66}},"type":"cond-expr","locations":[{"start":{"line":46,"column":57},"end":{"line":46,"column":63}},{"start":{"line":46,"column":63},"end":{"line":46,"column":66}}],"line":46}},"s":{"0":53,"1":53,"2":53,"3":20,"4":9,"5":9,"6":9,"7":53,"8":2,"9":2,"10":0,"11":2,"12":53,"13":2,"14":1,"15":1,"16":1,"17":1,"18":53,"19":1,"20":1,"21":4},"f":{"0":53,"1":20,"2":9,"3":2,"4":2,"5":1,"6":4},"b":{"0":[9,11],"1":[0,2],"2":[1,1],"3":[2,1,0],"4":[1,0],"5":[1,0],"6":[52,1]},"meta":{"lastBranch":7,"lastFunction":7,"lastStatement":22,"seen":{"f:13:16:13:29":0,"s:14:28:14:Infinity":0,"s:15:8:15:Infinity":1,"s:17:2:22:Infinity":2,"f:17:12:17:18":1,"b:18:4:21:Infinity:undefined:undefined:undefined:undefined":0,"s:18:4:21:Infinity":3,"s:19:6:19:Infinity":4,"s:20:6:20:Infinity":5,"f:20:17:20:23":2,"s:20:23:20:50":6,"s:24:23:28:Infinity":7,"f:24:23:24:29":3,"s:25:20:25:Infinity":8,"b:26:4:26:Infinity:undefined:undefined:undefined:undefined":1,"s:26:4:26:Infinity":9,"s:26:18:26:Infinity":10,"s:27:4:27:Infinity":11,"s:30:24:37:Infinity":12,"f:30:24:30:25":4,"b:31:4:36:Infinity:34:4:36:Infinity":2,"s:31:4:36:Infinity":13,"b:31:8:31:30:31:30:31:43:31:43:31:55":3,"s:32:6:32:Infinity":14,"s:33:6:33:Infinity":15,"b:34:4:36:Infinity:undefined:undefined:undefined:undefined":4,"s:34:4:36:Infinity":16,"s:35:6:35:Infinity":17,"s:39:2:71:Infinity":18,"f:40:38:40:39":5,"b:40:52:40:75:undefined:undefined:undefined:undefined":5,"s:40:52:40:75":19,"s:40:65:40:75":20,"b:46:57:46:63:46:63:46:66":6,"f:55:20:55:21":6,"s:55:27:55:Infinity":21}}}
,"/Users/luca/Workspace/laputa-worktrees/search-panel-unify/src/components/CreateNoteDialog.tsx": {"path":"/Users/luca/Workspace/laputa-worktrees/search-panel-unify/src/components/CreateNoteDialog.tsx","statementMap":{"0":{"start":{"line":7,"column":23},"end":{"line":16,"column":null}},"1":{"start":{"line":30,"column":24},"end":{"line":30,"column":null}},"2":{"start":{"line":31,"column":22},"end":{"line":31,"column":null}},"3":{"start":{"line":32,"column":8},"end":{"line":32,"column":null}},"4":{"start":{"line":34,"column":2},"end":{"line":40,"column":null}},"5":{"start":{"line":35,"column":4},"end":{"line":39,"column":null}},"6":{"start":{"line":37,"column":6},"end":{"line":37,"column":20}},"7":{"start":{"line":37,"column":20},"end":{"line":37,"column":null}},"8":{"start":{"line":38,"column":6},"end":{"line":38,"column":null}},"9":{"start":{"line":38,"column":23},"end":{"line":38,"column":50}},"10":{"start":{"line":42,"column":23},"end":{"line":48,"column":null}},"11":{"start":{"line":43,"column":4},"end":{"line":43,"column":null}},"12":{"start":{"line":44,"column":20},"end":{"line":44,"column":null}},"13":{"start":{"line":45,"column":4},"end":{"line":45,"column":null}},"14":{"start":{"line":45,"column":18},"end":{"line":45,"column":null}},"15":{"start":{"line":46,"column":4},"end":{"line":46,"column":null}},"16":{"start":{"line":47,"column":4},"end":{"line":47,"column":null}},"17":{"start":{"line":50,"column":2},"end":{"line":117,"column":null}},"18":{"start":{"line":51,"column":52},"end":{"line":51,"column":75}},"19":{"start":{"line":51,"column":65},"end":{"line":51,"column":75}},"20":{"start":{"line":65,"column":31},"end":{"line":65,"column":null}},"21":{"start":{"line":74,"column":16},"end":{"line":86,"column":null}},"22":{"start":{"line":83,"column":33},"end":{"line":83,"column":null}},"23":{"start":{"line":89,"column":16},"end":{"line":103,"column":null}},"24":{"start":{"line":100,"column":33},"end":{"line":100,"column":null}}},"fnMap":{"0":{"name":"CreateNoteDialog","decl":{"start":{"line":29,"column":16},"end":{"line":29,"column":33}},"loc":{"start":{"line":29,"column":116},"end":{"line":119,"column":null}},"line":29},"1":{"name":"(anonymous_1)","decl":{"start":{"line":34,"column":12},"end":{"line":34,"column":18}},"loc":{"start":{"line":34,"column":18},"end":{"line":40,"column":5}},"line":34},"2":{"name":"(anonymous_2)","decl":{"start":{"line":38,"column":17},"end":{"line":38,"column":23}},"loc":{"start":{"line":38,"column":23},"end":{"line":38,"column":50}},"line":38},"3":{"name":"(anonymous_3)","decl":{"start":{"line":42,"column":23},"end":{"line":42,"column":24}},"loc":{"start":{"line":42,"column":47},"end":{"line":48,"column":null}},"line":42},"4":{"name":"(anonymous_4)","decl":{"start":{"line":51,"column":38},"end":{"line":51,"column":39}},"loc":{"start":{"line":51,"column":50},"end":{"line":51,"column":null}},"line":51},"5":{"name":"(anonymous_5)","decl":{"start":{"line":65,"column":24},"end":{"line":65,"column":25}},"loc":{"start":{"line":65,"column":31},"end":{"line":65,"column":null}},"line":65},"6":{"name":"(anonymous_6)","decl":{"start":{"line":73,"column":34},"end":{"line":73,"column":35}},"loc":{"start":{"line":74,"column":16},"end":{"line":86,"column":null}},"line":74},"7":{"name":"(anonymous_7)","decl":{"start":{"line":83,"column":27},"end":{"line":83,"column":33}},"loc":{"start":{"line":83,"column":33},"end":{"line":83,"column":null}},"line":83},"8":{"name":"(anonymous_8)","decl":{"start":{"line":88,"column":31},"end":{"line":88,"column":32}},"loc":{"start":{"line":89,"column":16},"end":{"line":103,"column":null}},"line":89},"9":{"name":"(anonymous_9)","decl":{"start":{"line":100,"column":27},"end":{"line":100,"column":33}},"loc":{"start":{"line":100,"column":33},"end":{"line":100,"column":null}},"line":100}},"branchMap":{"0":{"loc":{"start":{"line":29,"column":73},"end":{"line":29,"column":90}},"type":"default-arg","locations":[{"start":{"line":29,"column":87},"end":{"line":29,"column":90}}],"line":29},"1":{"loc":{"start":{"line":35,"column":4},"end":{"line":39,"column":null}},"type":"if","locations":[{"start":{"line":35,"column":4},"end":{"line":39,"column":null}},{"start":{},"end":{}}],"line":35},"2":{"loc":{"start":{"line":37,"column":28},"end":{"line":37,"column":49}},"type":"binary-expr","locations":[{"start":{"line":37,"column":28},"end":{"line":37,"column":43}},{"start":{"line":37,"column":43},"end":{"line":37,"column":49}}],"line":37},"3":{"loc":{"start":{"line":45,"column":4},"end":{"line":45,"column":null}},"type":"if","locations":[{"start":{"line":45,"column":4},"end":{"line":45,"column":null}},{"start":{},"end":{}}],"line":45},"4":{"loc":{"start":{"line":51,"column":52},"end":{"line":51,"column":75}},"type":"if","locations":[{"start":{"line":51,"column":52},"end":{"line":51,"column":75}},{"start":{},"end":{}}],"line":51},"5":{"loc":{"start":{"line":77,"column":27},"end":{"line":77,"column":null}},"type":"cond-expr","locations":[{"start":{"line":77,"column":40},"end":{"line":77,"column":52}},{"start":{"line":77,"column":52},"end":{"line":77,"column":null}}],"line":77},"6":{"loc":{"start":{"line":81,"column":20},"end":{"line":81,"column":null}},"type":"binary-expr","locations":[{"start":{"line":81,"column":20},"end":{"line":81,"column":34}},{"start":{"line":81,"column":34},"end":{"line":81,"column":null}}],"line":81},"7":{"loc":{"start":{"line":92,"column":27},"end":{"line":92,"column":null}},"type":"cond-expr","locations":[{"start":{"line":92,"column":40},"end":{"line":92,"column":52}},{"start":{"line":92,"column":52},"end":{"line":92,"column":null}}],"line":92},"8":{"loc":{"start":{"line":96,"column":20},"end":{"line":98,"column":null}},"type":"cond-expr","locations":[{"start":{"line":97,"column":24},"end":{"line":97,"column":null}},{"start":{"line":98,"column":24},"end":{"line":98,"column":null}}],"line":96}},"s":{"0":1,"1":25,"2":25,"3":25,"4":25,"5":11,"6":10,"7":10,"8":10,"9":10,"10":25,"11":5,"12":5,"13":5,"14":1,"15":4,"16":4,"17":25,"18":0,"19":0,"20":6,"21":200,"22":1,"23":6,"24":1},"f":{"0":25,"1":11,"2":10,"3":5,"4":0,"5":6,"6":200,"7":1,"8":6,"9":1},"b":{"0":[25],"1":[10,1],"2":[10,9],"3":[1,4],"4":[0,0],"5":[24,176],"6":[200,24],"7":[1,5],"8":[1,5]},"meta":{"lastBranch":9,"lastFunction":10,"lastStatement":25,"seen":{"s:7:23:16:Infinity":0,"f:29:16:29:33":0,"b:29:87:29:90":0,"s:30:24:30:Infinity":1,"s:31:22:31:Infinity":2,"s:32:8:32:Infinity":3,"s:34:2:40:Infinity":4,"f:34:12:34:18":1,"b:35:4:39:Infinity:undefined:undefined:undefined:undefined":1,"s:35:4:39:Infinity":5,"s:37:6:37:20":6,"s:37:20:37:Infinity":7,"b:37:28:37:43:37:43:37:49":2,"s:38:6:38:Infinity":8,"f:38:17:38:23":2,"s:38:23:38:50":9,"s:42:23:48:Infinity":10,"f:42:23:42:24":3,"s:43:4:43:Infinity":11,"s:44:20:44:Infinity":12,"b:45:4:45:Infinity:undefined:undefined:undefined:undefined":3,"s:45:4:45:Infinity":13,"s:45:18:45:Infinity":14,"s:46:4:46:Infinity":15,"s:47:4:47:Infinity":16,"s:50:2:117:Infinity":17,"f:51:38:51:39":4,"b:51:52:51:75:undefined:undefined:undefined:undefined":4,"s:51:52:51:75":18,"s:51:65:51:75":19,"f:65:24:65:25":5,"s:65:31:65:Infinity":20,"f:73:34:73:35":6,"s:74:16:86:Infinity":21,"b:77:40:77:52:77:52:77:Infinity":5,"b:81:20:81:34:81:34:81:Infinity":6,"f:83:27:83:33":7,"s:83:33:83:Infinity":22,"f:88:31:88:32":8,"s:89:16:103:Infinity":23,"b:92:40:92:52:92:52:92:Infinity":7,"b:97:24:97:Infinity:98:24:98:Infinity":8,"f:100:27:100:33":9,"s:100:33:100:Infinity":24}}}
,"/Users/luca/Workspace/laputa-worktrees/search-panel-unify/src/components/CreateTypeDialog.tsx": {"path":"/Users/luca/Workspace/laputa-worktrees/search-panel-unify/src/components/CreateTypeDialog.tsx","statementMap":{"0":{"start":{"line":13,"column":22},"end":{"line":13,"column":null}},"1":{"start":{"line":14,"column":8},"end":{"line":14,"column":null}},"2":{"start":{"line":16,"column":2},"end":{"line":21,"column":null}},"3":{"start":{"line":17,"column":4},"end":{"line":20,"column":null}},"4":{"start":{"line":18,"column":6},"end":{"line":18,"column":null}},"5":{"start":{"line":19,"column":6},"end":{"line":19,"column":null}},"6":{"start":{"line":19,"column":23},"end":{"line":19,"column":50}},"7":{"start":{"line":23,"column":23},"end":{"line":29,"column":null}},"8":{"start":{"line":24,"column":4},"end":{"line":24,"column":null}},"9":{"start":{"line":25,"column":20},"end":{"line":25,"column":null}},"10":{"start":{"line":26,"column":4},"end":{"line":26,"column":null}},"11":{"start":{"line":26,"column":18},"end":{"line":26,"column":null}},"12":{"start":{"line":27,"column":4},"end":{"line":27,"column":null}},"13":{"start":{"line":28,"column":4},"end":{"line":28,"column":null}},"14":{"start":{"line":31,"column":2},"end":{"line":62,"column":null}},"15":{"start":{"line":32,"column":52},"end":{"line":32,"column":75}},"16":{"start":{"line":32,"column":65},"end":{"line":32,"column":75}},"17":{"start":{"line":46,"column":31},"end":{"line":46,"column":null}}},"fnMap":{"0":{"name":"CreateTypeDialog","decl":{"start":{"line":12,"column":16},"end":{"line":12,"column":33}},"loc":{"start":{"line":12,"column":85},"end":{"line":64,"column":null}},"line":12},"1":{"name":"(anonymous_1)","decl":{"start":{"line":16,"column":12},"end":{"line":16,"column":18}},"loc":{"start":{"line":16,"column":18},"end":{"line":21,"column":5}},"line":16},"2":{"name":"(anonymous_2)","decl":{"start":{"line":19,"column":17},"end":{"line":19,"column":23}},"loc":{"start":{"line":19,"column":23},"end":{"line":19,"column":50}},"line":19},"3":{"name":"(anonymous_3)","decl":{"start":{"line":23,"column":23},"end":{"line":23,"column":24}},"loc":{"start":{"line":23,"column":47},"end":{"line":29,"column":null}},"line":23},"4":{"name":"(anonymous_4)","decl":{"start":{"line":32,"column":38},"end":{"line":32,"column":39}},"loc":{"start":{"line":32,"column":50},"end":{"line":32,"column":null}},"line":32},"5":{"name":"(anonymous_5)","decl":{"start":{"line":46,"column":24},"end":{"line":46,"column":25}},"loc":{"start":{"line":46,"column":31},"end":{"line":46,"column":null}},"line":46}},"branchMap":{"0":{"loc":{"start":{"line":17,"column":4},"end":{"line":20,"column":null}},"type":"if","locations":[{"start":{"line":17,"column":4},"end":{"line":20,"column":null}},{"start":{},"end":{}}],"line":17},"1":{"loc":{"start":{"line":26,"column":4},"end":{"line":26,"column":null}},"type":"if","locations":[{"start":{"line":26,"column":4},"end":{"line":26,"column":null}},{"start":{},"end":{}}],"line":26},"2":{"loc":{"start":{"line":32,"column":52},"end":{"line":32,"column":75}},"type":"if","locations":[{"start":{"line":32,"column":52},"end":{"line":32,"column":75}},{"start":{},"end":{}}],"line":32}},"s":{"0":51,"1":51,"2":51,"3":18,"4":7,"5":7,"6":6,"7":51,"8":3,"9":3,"10":3,"11":1,"12":2,"13":2,"14":51,"15":0,"16":0,"17":4},"f":{"0":51,"1":18,"2":6,"3":3,"4":0,"5":4},"b":{"0":[7,11],"1":[1,2],"2":[0,0]},"meta":{"lastBranch":3,"lastFunction":6,"lastStatement":18,"seen":{"f:12:16:12:33":0,"s:13:22:13:Infinity":0,"s:14:8:14:Infinity":1,"s:16:2:21:Infinity":2,"f:16:12:16:18":1,"b:17:4:20:Infinity:undefined:undefined:undefined:undefined":0,"s:17:4:20:Infinity":3,"s:18:6:18:Infinity":4,"s:19:6:19:Infinity":5,"f:19:17:19:23":2,"s:19:23:19:50":6,"s:23:23:29:Infinity":7,"f:23:23:23:24":3,"s:24:4:24:Infinity":8,"s:25:20:25:Infinity":9,"b:26:4:26:Infinity:undefined:undefined:undefined:undefined":1,"s:26:4:26:Infinity":10,"s:26:18:26:Infinity":11,"s:27:4:27:Infinity":12,"s:28:4:28:Infinity":13,"s:31:2:62:Infinity":14,"f:32:38:32:39":4,"b:32:52:32:75:undefined:undefined:undefined:undefined":2,"s:32:52:32:75":15,"s:32:65:32:75":16,"f:46:24:46:25":5,"s:46:31:46:Infinity":17}}}
,"/Users/luca/Workspace/laputa-worktrees/search-panel-unify/src/components/DiffView.tsx": {"path":"/Users/luca/Workspace/laputa-worktrees/search-panel-unify/src/components/DiffView.tsx","statementMap":{"0":{"start":{"line":7,"column":29},"end":{"line":7,"column":null}},"1":{"start":{"line":10,"column":2},"end":{"line":10,"column":null}},"2":{"start":{"line":10,"column":55},"end":{"line":10,"column":null}},"3":{"start":{"line":11,"column":2},"end":{"line":11,"column":null}},"4":{"start":{"line":11,"column":55},"end":{"line":11,"column":null}},"5":{"start":{"line":12,"column":2},"end":{"line":12,"column":null}},"6":{"start":{"line":12,"column":29},"end":{"line":12,"column":null}},"7":{"start":{"line":13,"column":2},"end":{"line":13,"column":null}},"8":{"start":{"line":13,"column":39},"end":{"line":13,"column":57}},"9":{"start":{"line":13,"column":60},"end":{"line":13,"column":null}},"10":{"start":{"line":14,"column":2},"end":{"line":14,"column":null}},"11":{"start":{"line":18,"column":2},"end":{"line":22,"column":null}},"12":{"start":{"line":27,"column":2},"end":{"line":33,"column":null}},"13":{"start":{"line":28,"column":4},"end":{"line":31,"column":null}},"14":{"start":{"line":35,"column":2},"end":{"line":40,"column":null}},"15":{"start":{"line":38,"column":8},"end":{"line":38,"column":null}}},"fnMap":{"0":{"name":"classifyDiffLine","decl":{"start":{"line":9,"column":9},"end":{"line":9,"column":26}},"loc":{"start":{"line":9,"column":48},"end":{"line":15,"column":null}},"line":9},"1":{"name":"(anonymous_1)","decl":{"start":{"line":13,"column":32},"end":{"line":13,"column":33}},"loc":{"start":{"line":13,"column":39},"end":{"line":13,"column":57}},"line":13},"2":{"name":"DiffLine","decl":{"start":{"line":17,"column":9},"end":{"line":17,"column":18}},"loc":{"start":{"line":17,"column":78},"end":{"line":24,"column":null}},"line":17},"3":{"name":"DiffView","decl":{"start":{"line":26,"column":16},"end":{"line":26,"column":25}},"loc":{"start":{"line":26,"column":50},"end":{"line":42,"column":null}},"line":26},"4":{"name":"(anonymous_4)","decl":{"start":{"line":37,"column":28},"end":{"line":37,"column":29}},"loc":{"start":{"line":38,"column":8},"end":{"line":38,"column":null}},"line":38}},"branchMap":{"0":{"loc":{"start":{"line":10,"column":2},"end":{"line":10,"column":null}},"type":"if","locations":[{"start":{"line":10,"column":2},"end":{"line":10,"column":null}},{"start":{},"end":{}}],"line":10},"1":{"loc":{"start":{"line":10,"column":6},"end":{"line":10,"column":55}},"type":"binary-expr","locations":[{"start":{"line":10,"column":6},"end":{"line":10,"column":30}},{"start":{"line":10,"column":30},"end":{"line":10,"column":55}}],"line":10},"2":{"loc":{"start":{"line":11,"column":2},"end":{"line":11,"column":null}},"type":"if","locations":[{"start":{"line":11,"column":2},"end":{"line":11,"column":null}},{"start":{},"end":{}}],"line":11},"3":{"loc":{"start":{"line":11,"column":6},"end":{"line":11,"column":55}},"type":"binary-expr","locations":[{"start":{"line":11,"column":6},"end":{"line":11,"column":30}},{"start":{"line":11,"column":30},"end":{"line":11,"column":55}}],"line":11},"4":{"loc":{"start":{"line":12,"column":2},"end":{"line":12,"column":null}},"type":"if","locations":[{"start":{"line":12,"column":2},"end":{"line":12,"column":null}},{"start":{},"end":{}}],"line":12},"5":{"loc":{"start":{"line":13,"column":2},"end":{"line":13,"column":null}},"type":"if","locations":[{"start":{"line":13,"column":2},"end":{"line":13,"column":null}},{"start":{},"end":{}}],"line":13},"6":{"loc":{"start":{"line":21,"column":67},"end":{"line":21,"column":84}},"type":"binary-expr","locations":[{"start":{"line":21,"column":67},"end":{"line":21,"column":75}},{"start":{"line":21,"column":75},"end":{"line":21,"column":84}}],"line":21},"7":{"loc":{"start":{"line":27,"column":2},"end":{"line":33,"column":null}},"type":"if","locations":[{"start":{"line":27,"column":2},"end":{"line":33,"column":null}},{"start":{},"end":{}}],"line":27}},"s":{"0":3,"1":18,"2":2,"3":16,"4":2,"5":14,"6":14,"7":12,"8":43,"9":8,"10":4,"11":18,"12":8,"13":1,"14":7,"15":18},"f":{"0":18,"1":43,"2":18,"3":8,"4":18},"b":{"0":[2,16],"1":[18,4],"2":[2,14],"3":[16,4],"4":[2,12],"5":[8,4],"6":[18,0],"7":[1,7]},"meta":{"lastBranch":8,"lastFunction":5,"lastStatement":16,"seen":{"s:7:29:7:Infinity":0,"f:9:9:9:26":0,"b:10:2:10:Infinity:undefined:undefined:undefined:undefined":0,"s:10:2:10:Infinity":1,"b:10:6:10:30:10:30:10:55":1,"s:10:55:10:Infinity":2,"b:11:2:11:Infinity:undefined:undefined:undefined:undefined":2,"s:11:2:11:Infinity":3,"b:11:6:11:30:11:30:11:55":3,"s:11:55:11:Infinity":4,"b:12:2:12:Infinity:undefined:undefined:undefined:undefined":4,"s:12:2:12:Infinity":5,"s:12:29:12:Infinity":6,"b:13:2:13:Infinity:undefined:undefined:undefined:undefined":5,"s:13:2:13:Infinity":7,"f:13:32:13:33":1,"s:13:39:13:57":8,"s:13:60:13:Infinity":9,"s:14:2:14:Infinity":10,"f:17:9:17:18":2,"s:18:2:22:Infinity":11,"b:21:67:21:75:21:75:21:84":6,"f:26:16:26:25":3,"b:27:2:33:Infinity:undefined:undefined:undefined:undefined":7,"s:27:2:33:Infinity":12,"s:28:4:31:Infinity":13,"s:35:2:40:Infinity":14,"f:37:28:37:29":4,"s:38:8:38:Infinity":15}}}
,"/Users/luca/Workspace/laputa-worktrees/search-panel-unify/src/components/DynamicPropertiesPanel.tsx": {"path":"/Users/luca/Workspace/laputa-worktrees/search-panel-unify/src/components/DynamicPropertiesPanel.tsx","statementMap":{"0":{"start":{"line":12,"column":69},"end":{"line":23,"column":null}},"1":{"start":{"line":25,"column":29},"end":{"line":25,"column":null}},"2":{"start":{"line":28,"column":33},"end":{"line":31,"column":null}},"3":{"start":{"line":34,"column":18},"end":{"line":34,"column":null}},"4":{"start":{"line":38,"column":2},"end":{"line":38,"column":null}},"5":{"start":{"line":38,"column":33},"end":{"line":38,"column":null}},"6":{"start":{"line":39,"column":2},"end":{"line":39,"column":null}},"7":{"start":{"line":39,"column":28},"end":{"line":39,"column":null}},"8":{"start":{"line":39,"column":51},"end":{"line":39,"column":98}},"9":{"start":{"line":40,"column":2},"end":{"line":40,"column":null}},"10":{"start":{"line":45,"column":2},"end":{"line":45,"column":null}},"11":{"start":{"line":45,"column":18},"end":{"line":45,"column":null}},"12":{"start":{"line":46,"column":12},"end":{"line":46,"column":null}},"13":{"start":{"line":47,"column":2},"end":{"line":47,"column":null}},"14":{"start":{"line":51,"column":2},"end":{"line":51,"column":null}},"15":{"start":{"line":51,"column":36},"end":{"line":51,"column":null}},"16":{"start":{"line":52,"column":2},"end":{"line":52,"column":null}},"17":{"start":{"line":52,"column":37},"end":{"line":52,"column":null}},"18":{"start":{"line":53,"column":2},"end":{"line":53,"column":null}},"19":{"start":{"line":53,"column":48},"end":{"line":53,"column":null}},"20":{"start":{"line":54,"column":2},"end":{"line":54,"column":null}},"21":{"start":{"line":58,"column":2},"end":{"line":58,"column":null}},"22":{"start":{"line":58,"column":31},"end":{"line":58,"column":null}},"23":{"start":{"line":59,"column":16},"end":{"line":59,"column":null}},"24":{"start":{"line":59,"column":45},"end":{"line":59,"column":53}},"25":{"start":{"line":59,"column":67},"end":{"line":59,"column":68}},"26":{"start":{"line":60,"column":2},"end":{"line":60,"column":null}},"27":{"start":{"line":64,"column":2},"end":{"line":64,"column":null}},"28":{"start":{"line":64,"column":20},"end":{"line":64,"column":null}},"29":{"start":{"line":65,"column":13},"end":{"line":65,"column":null}},"30":{"start":{"line":66,"column":2},"end":{"line":66,"column":null}},"31":{"start":{"line":66,"column":17},"end":{"line":66,"column":null}},"32":{"start":{"line":67,"column":13},"end":{"line":67,"column":null}},"33":{"start":{"line":68,"column":2},"end":{"line":68,"column":null}},"34":{"start":{"line":72,"column":2},"end":{"line":72,"column":null}},"35":{"start":{"line":76,"column":2},"end":{"line":76,"column":null}},"36":{"start":{"line":83,"column":20},"end":{"line":83,"column":null}},"37":{"start":{"line":84,"column":16},"end":{"line":84,"column":null}},"38":{"start":{"line":85,"column":2},"end":{"line":98,"column":null}},"39":{"start":{"line":86,"column":4},"end":{"line":96,"column":null}},"40":{"start":{"line":91,"column":10},"end":{"line":91,"column":null}},"41":{"start":{"line":91,"column":33},"end":{"line":91,"column":null}},"42":{"start":{"line":92,"column":10},"end":{"line":92,"column":null}},"43":{"start":{"line":92,"column":34},"end":{"line":92,"column":null}},"44":{"start":{"line":94,"column":23},"end":{"line":94,"column":null}},"45":{"start":{"line":99,"column":2},"end":{"line":106,"column":null}},"46":{"start":{"line":103,"column":21},"end":{"line":103,"column":43}},"47":{"start":{"line":111,"column":2},"end":{"line":117,"column":null}},"48":{"start":{"line":122,"column":26},"end":{"line":122,"column":null}},"49":{"start":{"line":123,"column":30},"end":{"line":123,"column":null}},"50":{"start":{"line":124,"column":24},"end":{"line":127,"column":null}},"51":{"start":{"line":125,"column":4},"end":{"line":126,"column":null}},"52":{"start":{"line":125,"column":44},"end":{"line":125,"column":null}},"53":{"start":{"line":125,"column":66},"end":{"line":126,"column":null}},"54":{"start":{"line":126,"column":33},"end":{"line":126,"column":null}},"55":{"start":{"line":128,"column":2},"end":{"line":144,"column":null}},"56":{"start":{"line":133,"column":25},"end":{"line":133,"column":52}},"57":{"start":{"line":138,"column":25},"end":{"line":138,"column":54}},"58":{"start":{"line":141,"column":41},"end":{"l
[...]
,"/Users/luca/Workspace/laputa-worktrees/search-panel-unify/src/utils/wikilinkSuggestions.ts": {"path":"/Users/luca/Workspace/laputa-worktrees/search-panel-unify/src/utils/wikilinkSuggestions.ts","statementMap":{"0":{"start":{"line":1,"column":32},"end":{"line":1,"column":null}},"1":{"start":{"line":2,"column":27},"end":{"line":2,"column":null}},"2":{"start":{"line":23,"column":2},"end":{"line":23,"column":null}},"3":{"start":{"line":23,"column":39},"end":{"line":23,"column":null}},"4":{"start":{"line":24,"column":21},"end":{"line":24,"column":null}},"5":{"start":{"line":25,"column":2},"end":{"line":29,"column":null}},"6":{"start":{"line":26,"column":4},"end":{"line":28,"column":null}},"7":{"start":{"line":34,"column":15},"end":{"line":34,"column":null}},"8":{"start":{"line":35,"column":2},"end":{"line":39,"column":null}},"9":{"start":{"line":36,"column":4},"end":{"line":36,"column":null}},"10":{"start":{"line":36,"column":29},"end":{"line":36,"column":null}},"11":{"start":{"line":37,"column":4},"end":{"line":37,"column":null}},"12":{"start":{"line":38,"column":4},"end":{"line":38,"column":null}},"13":{"start":{"line":49,"column":22},"end":{"line":49,"column":null}},"14":{"start":{"line":50,"column":2},"end":{"line":52,"column":null}},"15":{"start":{"line":51,"column":4},"end":{"line":51,"column":null}},"16":{"start":{"line":53,"column":2},"end":{"line":58,"column":null}},"17":{"start":{"line":54,"column":4},"end":{"line":54,"column":null}},"18":{"start":{"line":54,"column":49},"end":{"line":54,"column":null}},"19":{"start":{"line":55,"column":18},"end":{"line":55,"column":null}},"20":{"start":{"line":56,"column":19},"end":{"line":56,"column":null}},"21":{"start":{"line":57,"column":4},"end":{"line":57,"column":null}}},"fnMap":{"0":{"name":"preFilterWikilinks","decl":{"start":{"line":19,"column":16},"end":{"line":19,"column":null}},"loc":{"start":{"line":22,"column":7},"end":{"line":30,"column":null}},"line":22},"1":{"name":"(anonymous_1)","decl":{"start":{"line":25,"column":22},"end":{"line":25,"column":null}},"loc":{"start":{"line":26,"column":4},"end":{"line":28,"column":null}},"line":26},"2":{"name":"deduplicateByPath","decl":{"start":{"line":33,"column":16},"end":{"line":33,"column":62}},"loc":{"start":{"line":33,"column":79},"end":{"line":40,"column":null}},"line":33},"3":{"name":"(anonymous_3)","decl":{"start":{"line":35,"column":22},"end":{"line":35,"column":30}},"loc":{"start":{"line":35,"column":30},"end":{"line":39,"column":3}},"line":35},"4":{"name":"disambiguateTitles","decl":{"start":{"line":46,"column":16},"end":{"line":46,"column":null}},"loc":{"start":{"line":48,"column":7},"end":{"line":59,"column":null}},"line":48},"5":{"name":"(anonymous_5)","decl":{"start":{"line":53,"column":19},"end":{"line":53,"column":27}},"loc":{"start":{"line":53,"column":27},"end":{"line":58,"column":3}},"line":53}},"branchMap":{"0":{"loc":{"start":{"line":23,"column":2},"end":{"line":23,"column":null}},"type":"if","locations":[{"start":{"line":23,"column":2},"end":{"line":23,"column":null}},{"start":{},"end":{}}],"line":23},"1":{"loc":{"start":{"line":26,"column":4},"end":{"line":28,"column":null}},"type":"binary-expr","locations":[{"start":{"line":26,"column":4},"end":{"line":26,"column":null}},{"start":{"line":27,"column":4},"end":{"line":27,"column":null}},{"start":{"line":28,"column":4},"end":{"line":28,"column":null}}],"line":26},"2":{"loc":{"start":{"line":36,"column":4},"end":{"line":36,"column":null}},"type":"if","locations":[{"start":{"line":36,"column":4},"end":{"line":36,"column":null}},{"start":{},"end":{}}],"line":36},"3":{"loc":{"start":{"line":51,"column":33},"end":{"line":51,"column":69}},"type":"binary-expr","locations":[{"start":{"line":51,"column":33},"end":{"line":51,"column":64}},{"start":{"line":51,"column":64},"end":{"line":51,"column":69}}],"line":51},"4":{"loc":{"start":{"line":54,"column":4},"end":{"line":54,"column":null}},"type":"if","locations":[{"start":{"line":54,"column":4},"end":{"line":54,"column":null}},{"start":{},"end":{}}],"line":54},"5":{"loc":{"start":{"line":54,"column":9},"end":{"line":54,"column":46}},"type":"binary-expr","locations":[{"start":{"line":54,"column":9},"end":{"line":54,"column":40}},{"start":{"line":54,"column":40},"end":{"line":54,"column":46}}],"line":54},"6":{"loc":{"start":{"line":56,"column":19},"end":{"line":56,"column":null}},"type":"cond-expr","locations":[{"start":{"line":56,"column":39},"end":{"line":56,"column":65}},{"start":{"line":56,"column":65},"end":{"line":56,"column":null}}],"line":56}},"s":{"0":3,"1":3,"2":19,"3":3,"4":16,"5":16,"6":10103,"7":36,"8":36,"9":116,"10":2,"11":114,"12":114,"13":16,"14":16,"15":31,"16":16,"17":31,"18":22,"19":9,"20":9,"21":31},"f":{"0":19,"1":10103,"2":36,"3":116,"4":16,"5":31},"b":{"0":[3,16],"1":[10103,9929,9928],"2":[2,114],"3":[31,26],"4":[22,9],"5":[31,0],"6":[9,0]},"meta":{"lastBranch":7,"lastFunction":6,"lastStatement":22,"seen":{"s:1:32:1:Infinity":0,"s:2:27:2:Infinity":1,"f:19:16:19:Infinity":0,"b:23:2:23:Infinity:undefined:undefined:undefined:undefined":0,"s:23:2:23:Infinity":2,"s:23:39:23:Infinity":3,"s:24:21:24:Infinity":4,"s:25:2:29:Infinity":5,"f:25:22:25:Infinity":1,"s:26:4:28:Infinity":6,"b:26:4:26:Infinity:27:4:27:Infinity:28:4:28:Infinity":1,"f:33:16:33:62":2,"s:34:15:34:Infinity":7,"s:35:2:39:Infinity":8,"f:35:22:35:30":3,"b:36:4:36:Infinity:undefined:undefined:undefined:undefined":2,"s:36:4:36:Infinity":9,"s:36:29:36:Infinity":10,"s:37:4:37:Infinity":11,"s:38:4:38:Infinity":12,"f:46:16:46:Infinity":4,"s:49:22:49:Infinity":13,"s:50:2:52:Infinity":14,"s:51:4:51:Infinity":15,"b:51:33:51:64:51:64:51:69":3,"s:53:2:58:Infinity":16,"f:53:19:53:27":5,"b:54:4:54:Infinity:undefined:undefined:undefined:undefined":4,"s:54:4:54:Infinity":17,"b:54:9:54:40:54:40:54:46":5,"s:54:49:54:Infinity":18,"s:55:18:55:Infinity":19,"s:56:19:56:Infinity":20,"b:56:39:56:65:56:65:56:Infinity":6,"s:57:4:57:Infinity":21}}}
,"/Users/luca/Workspace/laputa-worktrees/search-panel-unify/src/utils/wikilinks.ts": {"path":"/Users/luca/Workspace/laputa-worktrees/search-panel-unify/src/utils/wikilinks.ts","statementMap":{"0":{"start":{"line":2,"column":17},"end":{"line":2,"column":null}},"1":{"start":{"line":3,"column":15},"end":{"line":3,"column":null}},"2":{"start":{"line":4,"column":14},"end":{"line":4,"column":null}},"3":{"start":{"line":8,"column":2},"end":{"line":8,"column":null}},"4":{"start":{"line":8,"column":57},"end":{"line":8,"column":88}},"5":{"start":{"line":30,"column":2},"end":{"line":39,"column":null}},"6":{"start":{"line":31,"column":14},"end":{"line":31,"column":null}},"7":{"start":{"line":32,"column":4},"end":{"line":34,"column":null}},"8":{"start":{"line":33,"column":6},"end":{"line":33,"column":null}},"9":{"start":{"line":35,"column":4},"end":{"line":37,"column":null}},"10":{"start":{"line":36,"column":6},"end":{"line":36,"column":null}},"11":{"start":{"line":38,"column":4},"end":{"line":38,"column":null}},"12":{"start":{"line":44,"column":2},"end":{"line":44,"column":null}},"13":{"start":{"line":53,"column":2},"end":{"line":53,"column":null}},"14":{"start":{"line":57,"column":31},"end":{"line":57,"column":null}},"15":{"start":{"line":58,"column":2},"end":{"line":81,"column":null}},"16":{"start":{"line":59,"column":4},"end":{"line":62,"column":null}},"17":{"start":{"line":60,"column":6},"end":{"line":60,"column":null}},"18":{"start":{"line":61,"column":6},"end":{"line":61,"column":null}},"19":{"start":{"line":63,"column":17},"end":{"line":63,"column":null}},"20":{"start":{"line":64,"column":20},"end":{"line":64,"column":null}},"21":{"start":{"line":65,"column":4},"end":{"line":65,"column":null}},"22":{"start":{"line":67,"column":4},"end":{"line":77,"column":null}},"23":{"start":{"line":68,"column":6},"end":{"line":70,"column":null}},"24":{"start":{"line":69,"column":8},"end":{"line":69,"column":null}},"25":{"start":{"line":71,"column":6},"end":{"line":75,"column":null}},"26":{"start":{"line":76,"column":6},"end":{"line":76,"column":null}},"27":{"start":{"line":78,"column":4},"end":{"line":80,"column":null}},"28":{"start":{"line":79,"column":6},"end":{"line":79,"column":null}},"29":{"start":{"line":82,"column":2},"end":{"line":82,"column":null}},"30":{"start":{"line":86,"column":31},"end":{"line":86,"column":null}},"31":{"start":{"line":87,"column":2},"end":{"line":93,"column":null}},"32":{"start":{"line":88,"column":4},"end":{"line":92,"column":null}},"33":{"start":{"line":89,"column":6},"end":{"line":89,"column":null}},"34":{"start":{"line":91,"column":6},"end":{"line":91,"column":null}},"35":{"start":{"line":94,"column":2},"end":{"line":94,"column":null}},"36":{"start":{"line":99,"column":2},"end":{"line":99,"column":null}},"37":{"start":{"line":99,"column":34},"end":{"line":99,"column":null}},"38":{"start":{"line":100,"column":14},"end":{"line":100,"column":null}},"39":{"start":{"line":101,"column":2},"end":{"line":101,"column":null}},"40":{"start":{"line":101,"column":18},"end":{"line":101,"column":null}},"41":{"start":{"line":102,"column":11},"end":{"line":102,"column":null}},"42":{"start":{"line":103,"column":2},"end":{"line":103,"column":null}},"43":{"start":{"line":103,"column":28},"end":{"line":103,"column":null}},"44":{"start":{"line":104,"column":2},"end":{"line":104,"column":null}},"45":{"start":{"line":111,"column":26},"end":{"line":111,"column":null}},"46":{"start":{"line":112,"column":13},"end":{"line":112,"column":null}},"47":{"start":{"line":114,"column":2},"end":{"line":119,"column":null}},"48":{"start":{"line":115,"column":18},"end":{"line":115,"column":null}},"49":{"start":{"line":116,"column":20},"end":{"line":116,"column":null}},"50":{"start":{"line":117,"column":19},"end":{"line":117,"column":null}},"51":{"start":{"line":118,"column":4},"end":{"line":118,"column":null}},"52":{"start":{"line":118,"column":16},"end":{"line":118,"column":null}},"53":{"start":{"line":120,"column":2},"end":{"line":120,"column":null}},"54":{"start":{"line":124,"column":19},"end":{"line":124,"column":null}},"55":{"start":{"line":125,"column":23},"end":{"line":125,"column":null}},"56":{"start":{"line":126,"column":27},"end":{"line":126,"column":null}},"57":{"start":{"line":127,"column":15},"end":{"line":127,"column":null}},"58":{"start":{"line":128,"column":2},"end":{"line":128,"column":null}},"59":{"start":{"line":128,"column":13},"end":{"line":128,"column":null}},"60":{"start":{"line":129,"column":2},"end":{"line":129,"column":null}}},"fnMap":{"0":{"name":"preProcessWikilinks","decl":{"start":{"line":7,"column":16},"end":{"line":7,"column":36}},"loc":{"start":{"line":7,"column":56},"end":{"line":9,"column":null}},"line":7},"1":{"name":"(anonymous_1)","decl":{"start":{"line":8,"column":41},"end":{"line":8,"column":42}},"loc":{"start":{"line":8,"column":57},"end":{"line":8,"column":88}},"line":8},"2":{"name":"walkBlocks","decl":{"start":{"line":29,"column":9},"end":{"line":29,"column":20}},"loc":{"start":{"line":29,"column":94},"end":{"line":40,"column":null}},"line":29},"3":{"name":"(anonymous_3)","decl":{"start":{"line":30,"column":37},"end":{"line":30,"column":46}},"loc":{"start":{"line":30,"column":46},"end":{"line":39,"column":3}},"line":30},"4":{"name":"injectWikilinks","decl":{"start":{"line":43,"column":16},"end":{"line":43,"column":32}},"loc":{"start":{"line":43,"column":62},"end":{"line":45,"column":null}},"line":43},"5":{"name":"restoreWikilinksInBlocks","decl":{"start":{"line":52,"column":16},"end":{"line":52,"column":41}},"loc":{"start":{"line":52,"column":71},"end":{"line":54,"column":null}},"line":52},"6":{"name":"expandWikilinksInContent","decl":{"start":{"line":56,"column":9},"end":{"line":56,"column":34}},"loc":{"start":{"line":56,"column":71},"end":{"line":83,"column":null}},"line":56},"7":{"name":"collapseWikilinksInContent","decl":{"start":{"line":85,"column":9},"end":{"line":85,"column":36}},"loc":{"start":{"line":85,"column":73},"end":{"line":95,"column":null}},"line":85},"8":{"name":"splitFrontmatter","decl":{"start":{"line":98,"column":16},"end":{"line":98,"column":33}},"loc":{"start":{"line":98,"column":68},"end":{"line":105,"column":null}},"line":98},"9":{"name":"extractOutgoingLinks","decl":{"start":{"line":110,"column":16},"end":{"line":110,"column":37}},"loc":{"start":{"line":110,"column":64},"end":{"line":121,"column":null}},"line":110},"10":{"name":"countWords","decl":{"start":{"line":123,"column":16},"end":{"line":123,"column":27}},"loc":{"start":{"line":123,"column":52},"end":{"line":130,"column":null}},"line":123}},"branchMap":{"0":{"loc":{"start":{"line":29,"column":68},"end":{"line":29,"column":94}},"type":"default-arg","locations":[{"start":{"line":29,"column":76},"end":{"line":29,"column":94}}],"line":29},"1":{"loc":{"start":{"line":31,"column":14},"end":{"line":31,"column":null}},"type":"cond-expr","locations":[{"start":{"line":31,"column":22},"end":{"line":31,"column":37}},{"start":{"line":31,"column":37},"end":{"line":31,"column":null}}],"line":31},"2":{"loc":{"start":{"line":32,"column":4},"end":{"line":34,"column":null}},"type":"if","locations":[{"start":{"line":32,"column":4},"end":{"line":34,"column":null}},{"start":{},"end":{}}],"line":32},"3":{"loc":{"start":{"line":32,"column":8},"end":{"line":32,"column":47}},"type":"binary-expr","locations":[{"start":{"line":32,"column":8},"end":{"line":32,"column":21}},{"start":{"line":32,"column":21},"end":{"line":32,"column":47}}],"line":32},"4":{"loc":{"start":{"line":35,"column":4},"end":{"line":37,"column":null}},"type":"if","locations":[{"start":{"line":35,"column":4},"end":{"line":37,"column":null}},{"start":{},"end":{}}],"line":35},"5":{"loc":{"start":{"line":35,"column":8},"end":{"line":35,"column":49}},"type":"binary-expr","locations":[{"start":{"line":35,"column":8},"end":{"line":35,"column":22}},{"start":{"line":35,"column":22},"end":{"line":35,"column":49}}],"line":35},"6":{"loc":{"start":{"line":59,"column":4},"end":{"line":62,"column":null}},"type":"if","locations":[{"start":{"line":59,"column":4},"end":{"line":62,"column":null}},{"start":{},"end":{}}],"line":59},"7":{"loc":{"start":{"line":59,"column":8},"end":{"line":59,"column":96}},"type":"binary-expr","locations":[{"start":{"line":59,"column":8},"end":{"line":59,"column":32}},{"start":{"line":59,"column":32},"end":{"line":59,"column":65}},{"start":{"line":59,"column":65},"end":{"line":59,"column":96}}],"line":59},"8":{"loc":{"start":{"line":68,"column":6},"end":{"line":70,"column":null}},"type":"if","locations":[{"start":{"line":68,"column":6},"end":{"line":70,"column":null}},{"start":{},"end":{}}],"line":68},"9":{"loc":{"start":{"line":78,"column":4},"end":{"line":80,"column":null}},"type":"if","locations":[{"start":{"line":78,"column":4},"end":{"line":80,"column":null}},{"start":{},"end":{}}],"line":78},"10":{"loc":{"start":{"line":88,"column":4},"end":{"line":92,"column":null}},"type":"if","locations":[{"start":{"line":88,"column":4},"end":{"line":92,"column":null}},{"start":{"line":90,"column":11},"end":{"line":92,"column":null}}],"line":88},"11":{"loc":{"start":{"line":88,"column":8},"end":{"line":88,"column":56}},"type":"binary-expr","locations":[{"start":{"line":88,"column":8},"end":{"line":88,"column":36}},{"start":{"line":88,"column":36},"end":{"line":88,"column":56}}],"line":88},"12":{"loc":{"start":{"line":99,"column":2},"end":{"line":99,"column":null}},"type":"if","locations":[{"start":{"line":99,"column":2},"end":{"line":99,"column":null}},{"start":{},"end":{}}],"line":99},"13":{"loc":{"start":{"line":101,"column":2},"end":{"line":101,"column":null}},"type":"if","locations":[{"start":{"line":101,"column":2},"end":{"line":101,"column":null}},{"start":{},"end":{}}],"line":101},"14":{"loc":{"start":{"line":103,"column":2},"end":{"line":103,"column":null}},"type":"if","locations":[{"start":{"line":103,"column":2},"end":{"line":103,"column":null}},{"start":{},"end":{}}],"line":103},"15":{"loc":{"start":{"line":117,"column":19},"end":{"line":117,"column":null}},"type":"cond-expr","locations":[{"start":{"line":117,"column":36},"end":{"line":117,"column":62}},{"start":{"line":117,"column":62},"end":{"line":117,"column":null}}],"line":117},"16":{"loc":{"start":{"line":118,"column":4},"end":{"line":118,"column":null}},"type":"if","locations":[{"start":{"line":118,"column":4},"end":{"line":118,"column":null}},{"start":{},"end":{}}],"line":118},"17":{"loc":{"start":{"line":128,"column":2},"end":{"line":128,"column":null}},"type":"if","locations":[{"start":{"line":128,"column":2},"end":{"line":128,"column":null}},{"start":{},"end":{}}],"line":128}},"s":{"0":6,"1":6,"2":6,"3":27,"4":4,"5":39,"6":17,"7":17,"8":15,"9":17,"10":3,"11":17,"12":30,"13":6,"14":9,"15":9,"16":8,"17":2,"18":2,"19":6,"20":6,"21":6,"22":6,"23":7,"24":5,"25":7,"26":7,"27":6,"28":3,"29":9,"30":6,"31":6,"32":12,"33":5,"34":7,"35":6,"36":154,"37":62,"38":92,"39":92,"40":4,"41":88,"42":88,"43":87,"44":88,"45":8,"46":8,"47":8,"48":10,"49":10,"50":10,"51":10,"52":10,"53":8,"54":127,"55":127,"56":127,"57":127,"58":127,"59":70,"60":57},"f":{"0":27,"1":4,"2":39,"3":17,"4":30,"5":6,"6":9,"7":6,"8":154,"9":8,"10":127},"b":{"0":[39],"1":[7,10],"2":[15,2],"3":[17,15],"4":[3,14],"5":[17,3],"6":[2,6],"7":[8,7,7],"8":[5,2],"9":[3,3],"10":[5,7],"11":[12,5],"12":[62,92],"13":[4,88],"14":[87,1],"15":[1,9],"16":[10,0],"17":[70,57]},"meta":{"lastBranch":18,"lastFunction":11,"lastStatement":61,"seen":{"s:2:17:2:Infinity":0,"s:3:15:3:Infinity":1,"s:4:14:4:Infinity":2,"f:7:16:7:36":0,"s:8:2:8:Infinity":3,"f:8:41:8:42":1,"s:8:57:8:88":4,"f:29:9:29:20":2,"b:29:76:29:94":0,"s:30:2:39:Infinity":5,"f:30:37:30:46":3,"s:31:14:31:Infinity":6,"b:31:22:31:37:31:37:31:Infinity":1,"b:32:4:34:Infinity:undefined:undefined:undefined:undefined":2,"s:32:4:34:Infinity":7,"b:32:8:32:21:32:21:32:47":3,"s:33:6:33:Infinity":8,"b:35:4:37:Infinity:undefined:undefined:undefined:undefined":4,"s:35:4:37:Infinity":9,"b:35:8:35:22:35:22:35:49":5,"s:36:6:36:Infinity":10,"s:38:4:38:Infinity":11,"f:43:16:43:32":4,"s:44:2:44:Infinity":12,"f:52:16:52:41":5,"s:53:2:53:Infinity":13,"f:56:9:56:34":6,"s:57:31:57:Infinity":14,"s:58:2:81:Infinity":15,"b:59:4:62:Infinity:undefined:undefined:undefined:undefined":6,"s:59:4:62:Infinity":16,"b:59:8:59:32:59:32:59:65:59:65:59:96":7,"s:60:6:60:Infinity":17,"s:61:6:61:Infinity":18,"s:63:17:63:Infinity":19,"s:64:20:64:Infinity":20,"s:65:4:65:Infinity":21,"s:67:4:77:Infinity":22,"b:68:6:70:Infinity:undefined:undefined:undefined:undefined":8,"s:68:6:70:Infinity":23,"s:69:8:69:Infinity":24,"s:71:6:75:Infinity":25,"s:76:6:76:Infinity":26,"b:78:4:80:Infinity:undefined:undefined:undefined:undefined":9,"s:78:4:80:Infinity":27,"s:79:6:79:Infinity":28,"s:82:2:82:Infinity":29,"f:85:9:85:36":7,"s:86:31:86:Infinity":30,"s:87:2:93:Infinity":31,"b:88:4:92:Infinity:90:11:92:Infinity":10,"s:88:4:92:Infinity":32,"b:88:8:88:36:88:36:88:56":11,"s:89:6:89:Infinity":33,"s:91:6:91:Infinity":34,"s:94:2:94:Infinity":35,"f:98:16:98:33":8,"b:99:2:99:Infinity:undefined:undefined:undefined:undefined":12,"s:99:2:99:Infinity":36,"s:99:34:99:Infinity":37,"s:100:14:100:Infinity":38,"b:101:2:101:Infinity:undefined:undefined:undefined:undefined":13,"s:101:2:101:Infinity":39,"s:101:18:101:Infinity":40,"s:102:11:102:Infinity":41,"b:103:2:103:Infinity:undefined:undefined:undefined:undefined":14,"s:103:2:103:Infinity":42,"s:103:28:103:Infinity":43,"s:104:2:104:Infinity":44,"f:110:16:110:37":9,"s:111:26:111:Infinity":45,"s:112:13:112:Infinity":46,"s:114:2:119:Infinity":47,"s:115:18:115:Infinity":48,"s:116:20:116:Infinity":49,"s:117:19:117:Infinity":50,"b:117:36:117:62:117:62:117:Infinity":15,"b:118:4:118:Infinity:undefined:undefined:undefined:undefined":16,"s:118:4:118:Infinity":51,"s:118:16:118:Infinity":52,"s:120:2:120:Infinity":53,"f:123:16:123:27":10,"s:124:19:124:Infinity":54,"s:125:23:125:Infinity":55,"s:126:27:126:Infinity":56,"s:127:15:127:Infinity":57,"b:128:2:128:Infinity:undefined:undefined:undefined:undefined":17,"s:128:2:128:Infinity":58,"s:128:13:128:Infinity":59,"s:129:2:129:Infinity":60}}}
}
